\BOOKMARK [0][-]{chapter.I}{Abstract}{}% 1
\BOOKMARK [0][-]{chapter.II}{R\351sum\351}{}% 2
\BOOKMARK [0][-]{chapter.III}{Acknowledgements}{}% 3
\BOOKMARK [0][-]{chapter.IV}{Table of Contents}{}% 4
\BOOKMARK [0][-]{chapter.V}{List of Figures}{}% 5
\BOOKMARK [0][-]{chapter.VI}{List of Tables}{}% 6
\BOOKMARK [0][-]{chapter.1}{Introduction}{}% 7
\BOOKMARK [1][-]{section.1.1}{Contributions}{chapter.1}% 8
\BOOKMARK [1][-]{section.1.2}{Thesis Outline}{chapter.1}% 9
\BOOKMARK [0][-]{chapter.2}{Introduction to the X10 Programming Language}{}% 10
\BOOKMARK [1][-]{section.2.1}{Overview of X10's Key Sequential Features}{chapter.2}% 11
\BOOKMARK [2][-]{subsection.2.1.1}{Object-oriented Features}{section.2.1}% 12
\BOOKMARK [2][-]{subsection.2.1.2}{Statements}{section.2.1}% 13
\BOOKMARK [2][-]{subsection.2.1.3}{Arrays}{section.2.1}% 14
\BOOKMARK [2][-]{subsection.2.1.4}{Types}{section.2.1}% 15
\BOOKMARK [1][-]{section.2.2}{Overview of X10's Concurrency Features}{chapter.2}% 16
\BOOKMARK [2][-]{subsection.2.2.1}{Async}{section.2.2}% 17
\BOOKMARK [2][-]{subsection.2.2.2}{Finish}{section.2.2}% 18
\BOOKMARK [2][-]{subsection.2.2.3}{Atomic}{section.2.2}% 19
\BOOKMARK [2][-]{subsection.2.2.4}{At}{section.2.2}% 20
\BOOKMARK [1][-]{section.2.3}{Overview of X10's Implementation and Runtime}{chapter.2}% 21
\BOOKMARK [2][-]{subsection.2.3.1}{X10 Implementation}{section.2.3}% 22
\BOOKMARK [2][-]{subsection.2.3.2}{X10 Runtime}{section.2.3}% 23
\BOOKMARK [0][-]{chapter.3}{Background and High-level Design of MiX10}{}% 24
\BOOKMARK [1][-]{section.3.1}{Background}{chapter.3}% 25
\BOOKMARK [1][-]{section.3.2}{High-level Design of the MiX10 Compiler}{chapter.3}% 26
\BOOKMARK [2][-]{subsection.3.2.1}{The MiX10 Intermediate Representation}{section.3.2}% 27
\BOOKMARK [0][-]{chapter.4}{Techniques for Efficient Compilation of Matlab Arrays}{}% 28
\BOOKMARK [1][-]{section.4.1}{Simple Arrays or Region Arrays}{chapter.4}% 29
\BOOKMARK [2][-]{subsection.4.1.1}{Compilation to Simple Arrays}{section.4.1}% 30
\BOOKMARK [2][-]{subsection.4.1.2}{Compilation to Region Arrays}{section.4.1}% 31
\BOOKMARK [1][-]{section.4.2}{Handling the Colon Expression}{chapter.4}% 32
\BOOKMARK [1][-]{section.4.3}{Array Growth}{chapter.4}% 33
\BOOKMARK [0][-]{chapter.5}{Handling Matlab Builtins}{}% 34
\BOOKMARK [1][-]{subsection.5.0.1}{ The MiX10 Builtin Support Framework}{chapter.5}% 35
\BOOKMARK [0][-]{chapter.6}{Code Generation for the Sequential Core}{}% 36
\BOOKMARK [1][-]{section.6.1}{Methods}{chapter.6}% 37
\BOOKMARK [1][-]{section.6.2}{Types, Assignments and Declarations}{chapter.6}% 38
\BOOKMARK [1][-]{section.6.3}{Loops}{chapter.6}% 39
\BOOKMARK [1][-]{section.6.4}{Conditionals}{chapter.6}% 40
\BOOKMARK [1][-]{section.6.5}{Function Calls}{chapter.6}% 41
\BOOKMARK [1][-]{section.6.6}{Cell Arrays}{chapter.6}% 42
\BOOKMARK [0][-]{chapter.7}{Code Generation for Concurrency in Matlab}{}% 43
\BOOKMARK [1][-]{section.7.1}{Code Generation for the Matlab parfor Loop Construct}{chapter.7}% 44
\BOOKMARK [1][-]{section.7.2}{Introducing Concurrency Controls in Matlab}{chapter.7}% 45
\BOOKMARK [1][-]{section.7.3}{Parallelizing Vectorized Instructions}{chapter.7}% 46
\BOOKMARK [0][-]{chapter.8}{The IntegerOkay Analysis}{}% 47
\BOOKMARK [1][-]{section.8.1}{Need for Declaring Variables to be of Integer Type}{chapter.8}% 48
\BOOKMARK [1][-]{section.8.2}{Effect on Performance}{chapter.8}% 49
\BOOKMARK [1][-]{section.8.3}{An Overview of the IntegerOkay Analysis}{chapter.8}% 50
\BOOKMARK [1][-]{section.8.4}{The Analysis Algorithm}{chapter.8}% 51
\BOOKMARK [2][-]{subsection.8.4.1}{STEP 1 : Initialization}{section.8.4}% 52
\BOOKMARK [2][-]{subsection.8.4.2}{STEP 2: The Fixed Point Solver}{section.8.4}% 53
\BOOKMARK [1][-]{section.8.5}{An Example}{chapter.8}% 54
\BOOKMARK [0][-]{chapter.9}{Evaluation}{}% 55
\BOOKMARK [1][-]{section.9.1}{Benchmarks}{chapter.9}% 56
\BOOKMARK [1][-]{section.9.2}{Experimental Setup}{chapter.9}% 57
\BOOKMARK [1][-]{section.9.3}{X10 Compiler Variations}{chapter.9}% 58
\BOOKMARK [1][-]{section.9.4}{Overall MiX10 Performance}{chapter.9}% 59
\BOOKMARK [1][-]{section.9.5}{X10 C++ Backend vs. X10 Java Backend}{chapter.9}% 60
\BOOKMARK [2][-]{subsection.9.5.1}{When Not to Use the X10-O}{section.9.5}% 61
\BOOKMARK [1][-]{section.9.6}{Simple vs. Region Arrays}{chapter.9}% 62
\BOOKMARK [1][-]{section.9.7}{Effect of the IntegerOkay Analysis}{chapter.9}% 63
\BOOKMARK [1][-]{section.9.8}{Matlab parfor vs. MiX10 Parallel Code}{chapter.9}% 64
\BOOKMARK [1][-]{section.9.9}{Summary}{chapter.9}% 65
\BOOKMARK [0][-]{chapter.10}{Related Work}{}% 66
\BOOKMARK [1][-]{section.10.1}{Alternatives to Matlab}{chapter.10}% 67
\BOOKMARK [1][-]{section.10.2}{Other Matlab Compilers}{chapter.10}% 68
\BOOKMARK [1][-]{section.10.3}{Compilers Targeting X10}{chapter.10}% 69
\BOOKMARK [0][-]{chapter.11}{Conclusions and Future Work}{}% 70
\BOOKMARK [1][-]{section.11.1}{Conclusions}{chapter.11}% 71
\BOOKMARK [1][-]{section.11.2}{Future Work}{chapter.11}% 72
\BOOKMARK [0][-]{chapter.12}{Bibliography}{}% 73
\BOOKMARK [0][-]{appendix.A}{XML structure for builtin framework}{}% 74
\BOOKMARK [0][-]{appendix.B}{MiX10 IR Grammar}{}% 75
