This is pdfTeX, Version 3.1415926-2.5-1.40.14 (TeX Live 2013/MacPorts 2013_5) (format=latex 2014.1.27)  23 APR 2014 20:24
entering extended mode
 restricted \write18 enabled.
 %&-line parsing enabled.
**\makeatletter\def\HCode{\futurelet\HCode\HChar}\def\HChar{\ifx"\HCode\def\HCo
de"##1"{\Link##1}\expandafter\HCode\else\expandafter\Link\fi}\def\Link#1.a.b.c.
{\g@addto@macro\@documentclasshook{\RequirePackage[#1,html]{tex4ht}}\let\HCode\
documentstyle\def\documentstyle{\let\documentstyle\HCode\expandafter\def\csname
 tex4ht\endcsname{#1,html}\def\HCode####1{\documentstyle[tex4ht,}\@ifnextchar[{
\HCode}{\documentstyle[tex4ht]}}}\makeatother\HCode .a.b.c.\input  thesis.tex
(./thesis.tex (./Thesis.cls
Document Class: Thesis 2002/05/16 McGill University Master's and Ph.D. thesis f
ormat
(/opt/local/share/texmf-texlive/tex/latex/base/report.cls
Document Class: report 2007/10/19 v1.4h Standard LaTeX document class
(/opt/local/share/texmf-texlive/tex/latex/base/size12.clo
File: size12.clo 2007/10/19 v1.4h Standard LaTeX file (size option)
)
\c@part=\count79
\c@chapter=\count80
\c@section=\count81
\c@subsection=\count82
\c@subsubsection=\count83
\c@paragraph=\count84
\c@subparagraph=\count85
\c@figure=\count86
\c@table=\count87
\abovecaptionskip=\skip41
\belowcaptionskip=\skip42
\bibindent=\dimen102
)
(/opt/local/share/texmf-texlive/tex/generic/babel/babel.sty
Package: babel 2013/05/16 v3.9f The Babel package

(/opt/local/share/texmf-texlive/tex/generic/babel-french/frenchb.ldf
Language: frenchb 2013/05/20 v2.6c French support from the babel system

(/opt/local/share/texmf-texlive/tex/generic/babel/babel.def
File: babel.def 2013/05/16 v3.9f Babel common definitions
\babel@savecnt=\count88
\U@D=\dimen103
)
\FB@interchartokenstateORI=\count89
Package babel Info: Making : an active character on input line 240.
Package babel Info: Making ; an active character on input line 241.
Package babel Info: Making ! an active character on input line 242.
Package babel Info: Making ? an active character on input line 243.
\FB@Mht=\dimen104
\std@mcc=\count90
\dec@mcc=\count91
\listindentFB=\skip43
\labelwidthFB=\skip44
\leftmarginFB=\skip45
\parindentFFN=\dimen105
)
(/opt/local/share/texmf-texlive/tex/generic/babel-english/english.ldf
Language: english 2012/08/20 v3.3p English support from the babel system
\l@canadian = a dialect from \language\l@american 
\l@australian = a dialect from \language\l@british 
\l@newzealand = a dialect from \language\l@british 
))
(/opt/local/share/texmf-texlive/tex/latex/carlisle/scalefnt.sty)
(/opt/local/share/texmf-texlive/tex/latex/graphics/keyval.sty
Package: keyval 1999/03/16 v1.13 key=value parser (DPC)
\KV@toks@=\toks14
)) (./MSc.sty
Package: MSc 2002/05/16 M.Sc. thesis style for McGill Computer Science
)
(/opt/local/share/texmf-texlive/tex/generic/tex4ht/tex4ht.sty
version 2008-10-27-17:23
Package: tex4ht 
--------------------------------------
--- Note --- for _ at preamble, use the command line option `early_'
--------------------------------------
--------------------------------------
--- Note --- for ^ at preamble, use the command line option `early^'
--------------------------------------
\tmp:toks=\toks15
)
(/opt/local/share/texmf-texlive/tex/generic/tex4ht/usepackage.4ht
version 2009-05-21-09:32
)
(/opt/local/share/texmf-texlive/tex/latex/base/fontenc.sty
Package: fontenc 2005/09/27 v1.99g Standard LaTeX package

(/opt/local/share/texmf-texlive/tex/latex/base/t1enc.def
File: t1enc.def 2005/09/27 v1.99g Standard LaTeX file
LaTeX Font Info:    Redeclaring font encoding T1 on input line 43.
))
(/opt/local/share/texmf-texlive/tex/latex/base/inputenc.sty
Package: inputenc 2008/03/30 v1.1d Input encoding file
\inpenc@prehook=\toks16
\inpenc@posthook=\toks17

(/opt/local/share/texmf-texlive/tex/latex/base/utf8.def
File: utf8.def 2008/04/05 v1.1m UTF-8 support for inputenc
Now handling font encoding OML ...
... no UTF-8 mapping file for font encoding OML
Now handling font encoding T1 ...
... processing UTF-8 mapping file for font encoding T1

(/opt/local/share/texmf-texlive/tex/latex/base/t1enc.dfu
File: t1enc.dfu 2008/04/05 v1.1m UTF-8 support for inputenc
   defining Unicode char U+00A1 (decimal 161)
   defining Unicode char U+00A3 (decimal 163)
   defining Unicode char U+00AB (decimal 171)
   defining Unicode char U+00BB (decimal 187)
   defining Unicode char U+00BF (decimal 191)
   defining Unicode char U+00C0 (decimal 192)
   defining Unicode char U+00C1 (decimal 193)
   defining Unicode char U+00C2 (decimal 194)
   defining Unicode char U+00C3 (decimal 195)
   defining Unicode char U+00C4 (decimal 196)
   defining Unicode char U+00C5 (decimal 197)
   defining Unicode char U+00C6 (decimal 198)
   defining Unicode char U+00C7 (decimal 199)
   defining Unicode char U+00C8 (decimal 200)
   defining Unicode char U+00C9 (decimal 201)
   defining Unicode char U+00CA (decimal 202)
   defining Unicode char U+00CB (decimal 203)
   defining Unicode char U+00CC (decimal 204)
   defining Unicode char U+00CD (decimal 205)
   defining Unicode char U+00CE (decimal 206)
   defining Unicode char U+00CF (decimal 207)
   defining Unicode char U+00D0 (decimal 208)
   defining Unicode char U+00D1 (decimal 209)
   defining Unicode char U+00D2 (decimal 210)
   defining Unicode char U+00D3 (decimal 211)
   defining Unicode char U+00D4 (decimal 212)
   defining Unicode char U+00D5 (decimal 213)
   defining Unicode char U+00D6 (decimal 214)
   defining Unicode char U+00D8 (decimal 216)
   defining Unicode char U+00D9 (decimal 217)
   defining Unicode char U+00DA (decimal 218)
   defining Unicode char U+00DB (decimal 219)
   defining Unicode char U+00DC (decimal 220)
   defining Unicode char U+00DD (decimal 221)
   defining Unicode char U+00DE (decimal 222)
   defining Unicode char U+00DF (decimal 223)
   defining Unicode char U+00E0 (decimal 224)
   defining Unicode char U+00E1 (decimal 225)
   defining Unicode char U+00E2 (decimal 226)
   defining Unicode char U+00E3 (decimal 227)
   defining Unicode char U+00E4 (decimal 228)
   defining Unicode char U+00E5 (decimal 229)
   defining Unicode char U+00E6 (decimal 230)
   defining Unicode char U+00E7 (decimal 231)
   defining Unicode char U+00E8 (decimal 232)
   defining Unicode char U+00E9 (decimal 233)
   defining Unicode char U+00EA (decimal 234)
   defining Unicode char U+00EB (decimal 235)
   defining Unicode char U+00EC (decimal 236)
   defining Unicode char U+00ED (decimal 237)
   defining Unicode char U+00EE (decimal 238)
   defining Unicode char U+00EF (decimal 239)
   defining Unicode char U+00F0 (decimal 240)
   defining Unicode char U+00F1 (decimal 241)
   defining Unicode char U+00F2 (decimal 242)
   defining Unicode char U+00F3 (decimal 243)
   defining Unicode char U+00F4 (decimal 244)
   defining Unicode char U+00F5 (decimal 245)
   defining Unicode char U+00F6 (decimal 246)
   defining Unicode char U+00F8 (decimal 248)
   defining Unicode char U+00F9 (decimal 249)
   defining Unicode char U+00FA (decimal 250)
   defining Unicode char U+00FB (decimal 251)
   defining Unicode char U+00FC (decimal 252)
   defining Unicode char U+00FD (decimal 253)
   defining Unicode char U+00FE (decimal 254)
   defining Unicode char U+00FF (decimal 255)
   defining Unicode char U+0102 (decimal 258)
   defining Unicode char U+0103 (decimal 259)
   defining Unicode char U+0104 (decimal 260)
   defining Unicode char U+0105 (decimal 261)
   defining Unicode char U+0106 (decimal 262)
   defining Unicode char U+0107 (decimal 263)
   defining Unicode char U+010C (decimal 268)
   defining Unicode char U+010D (decimal 269)
   defining Unicode char U+010E (decimal 270)
   defining Unicode char U+010F (decimal 271)
   defining Unicode char U+0110 (decimal 272)
   defining Unicode char U+0111 (decimal 273)
   defining Unicode char U+0118 (decimal 280)
   defining Unicode char U+0119 (decimal 281)
   defining Unicode char U+011A (decimal 282)
   defining Unicode char U+011B (decimal 283)
   defining Unicode char U+011E (decimal 286)
   defining Unicode char U+011F (decimal 287)
   defining Unicode char U+0130 (decimal 304)
   defining Unicode char U+0131 (decimal 305)
   defining Unicode char U+0132 (decimal 306)
   defining Unicode char U+0133 (decimal 307)
   defining Unicode char U+0139 (decimal 313)
   defining Unicode char U+013A (decimal 314)
   defining Unicode char U+013D (decimal 317)
   defining Unicode char U+013E (decimal 318)
   defining Unicode char U+0141 (decimal 321)
   defining Unicode char U+0142 (decimal 322)
   defining Unicode char U+0143 (decimal 323)
   defining Unicode char U+0144 (decimal 324)
   defining Unicode char U+0147 (decimal 327)
   defining Unicode char U+0148 (decimal 328)
   defining Unicode char U+014A (decimal 330)
   defining Unicode char U+014B (decimal 331)
   defining Unicode char U+0150 (decimal 336)
   defining Unicode char U+0151 (decimal 337)
   defining Unicode char U+0152 (decimal 338)
   defining Unicode char U+0153 (decimal 339)
   defining Unicode char U+0154 (decimal 340)
   defining Unicode char U+0155 (decimal 341)
   defining Unicode char U+0158 (decimal 344)
   defining Unicode char U+0159 (decimal 345)
   defining Unicode char U+015A (decimal 346)
   defining Unicode char U+015B (decimal 347)
   defining Unicode char U+015E (decimal 350)
   defining Unicode char U+015F (decimal 351)
   defining Unicode char U+0160 (decimal 352)
   defining Unicode char U+0161 (decimal 353)
   defining Unicode char U+0162 (decimal 354)
   defining Unicode char U+0163 (decimal 355)
   defining Unicode char U+0164 (decimal 356)
   defining Unicode char U+0165 (decimal 357)
   defining Unicode char U+016E (decimal 366)
   defining Unicode char U+016F (decimal 367)
   defining Unicode char U+0170 (decimal 368)
   defining Unicode char U+0171 (decimal 369)
   defining Unicode char U+0178 (decimal 376)
   defining Unicode char U+0179 (decimal 377)
   defining Unicode char U+017A (decimal 378)
   defining Unicode char U+017B (decimal 379)
   defining Unicode char U+017C (decimal 380)
   defining Unicode char U+017D (decimal 381)
   defining Unicode char U+017E (decimal 382)
   defining Unicode char U+200C (decimal 8204)
   defining Unicode char U+2013 (decimal 8211)
   defining Unicode char U+2014 (decimal 8212)
   defining Unicode char U+2018 (decimal 8216)
   defining Unicode char U+2019 (decimal 8217)
   defining Unicode char U+201A (decimal 8218)
   defining Unicode char U+201C (decimal 8220)
   defining Unicode char U+201D (decimal 8221)
   defining Unicode char U+201E (decimal 8222)
   defining Unicode char U+2030 (decimal 8240)
   defining Unicode char U+2031 (decimal 8241)
   defining Unicode char U+2039 (decimal 8249)
   defining Unicode char U+203A (decimal 8250)
   defining Unicode char U+2423 (decimal 9251)
)
Now handling font encoding OT1 ...
... processing UTF-8 mapping file for font encoding OT1

(/opt/local/share/texmf-texlive/tex/latex/base/ot1enc.dfu
File: ot1enc.dfu 2008/04/05 v1.1m UTF-8 support for inputenc
   defining Unicode char U+00A1 (decimal 161)
   defining Unicode char U+00A3 (decimal 163)
   defining Unicode char U+00B8 (decimal 184)
   defining Unicode char U+00BF (decimal 191)
   defining Unicode char U+00C5 (decimal 197)
   defining Unicode char U+00C6 (decimal 198)
   defining Unicode char U+00D8 (decimal 216)
   defining Unicode char U+00DF (decimal 223)
   defining Unicode char U+00E6 (decimal 230)
   defining Unicode char U+00EC (decimal 236)
   defining Unicode char U+00ED (decimal 237)
   defining Unicode char U+00EE (decimal 238)
   defining Unicode char U+00EF (decimal 239)
   defining Unicode char U+00F8 (decimal 248)
   defining Unicode char U+0131 (decimal 305)
   defining Unicode char U+0141 (decimal 321)
   defining Unicode char U+0142 (decimal 322)
   defining Unicode char U+0152 (decimal 338)
   defining Unicode char U+0153 (decimal 339)
   defining Unicode char U+2013 (decimal 8211)
   defining Unicode char U+2014 (decimal 8212)
   defining Unicode char U+2018 (decimal 8216)
   defining Unicode char U+2019 (decimal 8217)
   defining Unicode char U+201C (decimal 8220)
   defining Unicode char U+201D (decimal 8221)
)
Now handling font encoding OMS ...
... processing UTF-8 mapping file for font encoding OMS

(/opt/local/share/texmf-texlive/tex/latex/base/omsenc.dfu
File: omsenc.dfu 2008/04/05 v1.1m UTF-8 support for inputenc
   defining Unicode char U+00A7 (decimal 167)
   defining Unicode char U+00B6 (decimal 182)
   defining Unicode char U+00B7 (decimal 183)
   defining Unicode char U+2020 (decimal 8224)
   defining Unicode char U+2021 (decimal 8225)
   defining Unicode char U+2022 (decimal 8226)
)
Now handling font encoding OMX ...
... no UTF-8 mapping file for font encoding OMX
Now handling font encoding U ...
... no UTF-8 mapping file for font encoding U
   defining Unicode char U+00A9 (decimal 169)
   defining Unicode char U+00AA (decimal 170)
   defining Unicode char U+00AE (decimal 174)
   defining Unicode char U+00BA (decimal 186)
   defining Unicode char U+02C6 (decimal 710)
   defining Unicode char U+02DC (decimal 732)
   defining Unicode char U+200C (decimal 8204)
   defining Unicode char U+2026 (decimal 8230)
   defining Unicode char U+2122 (decimal 8482)
   defining Unicode char U+2423 (decimal 9251)
))
(/opt/local/share/texmf-texlive/tex/latex/algorithms/algorithm.sty
Package: algorithm 2009/08/24 v0.1 Document Style `algorithm' - floating enviro
nment

(/opt/local/share/texmf-texlive/tex/latex/float/float.sty
Package: float 2001/11/08 v1.3d Float enhancements (AL)
\c@float@type=\count92
\float@exts=\toks18
\float@box=\box26
\@float@everytoks=\toks19
\@floatcapt=\box27
)
(/opt/local/share/texmf-texlive/tex/latex/base/ifthen.sty
Package: ifthen 2001/05/26 v1.1c Standard LaTeX ifthen package (DPC)
)
\@float@every@algorithm=\toks20
\c@algorithm=\count93
)
(/opt/local/share/texmf-texlive/tex/latex/algorithmicx/algpseudocode.sty
Package: algpseudocode 

(/opt/local/share/texmf-texlive/tex/latex/algorithmicx/algorithmicx.sty
Package: algorithmicx 2005/04/27 v1.2 Algorithmicx

Document Style algorithmicx 1.2 - a greatly improved `algorithmic' style
\c@ALG@line=\count94
\c@ALG@rem=\count95
\c@ALG@nested=\count96
\ALG@tlm=\skip46
\ALG@thistlm=\skip47
\c@ALG@Lnr=\count97
\c@ALG@blocknr=\count98
\c@ALG@storecount=\count99
\c@ALG@tmpcounter=\count100
\ALG@tmplength=\skip48
)
Document Style - pseudocode environments for use with the `algorithmicx' style
) (/opt/local/share/texmf-texlive/tex/latex/placeins/placeins.sty
Package: placeins 2005/04/18  v 2.2
)
(/opt/local/share/texmf-texlive/tex/latex/tools/tabularx.sty
Package: tabularx 1999/01/07 v2.07 `tabularx' package (DPC)

(/opt/local/share/texmf-texlive/tex/latex/tools/array.sty
Package: array 2008/09/09 v2.4c Tabular extension package (FMi)
\col@sep=\dimen106
\extrarowheight=\dimen107
\NC@list=\toks21
\extratabsurround=\skip49
\backup@length=\skip50
)
\TX@col@width=\dimen108
\TX@old@table=\dimen109
\TX@old@col=\dimen110
\TX@target=\dimen111
\TX@delta=\dimen112
\TX@cols=\count101
\TX@ftn=\toks22
)
(/opt/local/share/texmf-texlive/tex/latex/tools/multicol.sty
Package: multicol 2011/06/27 v1.7a multicolumn formatting (FMi)
\c@tracingmulticols=\count102
\mult@box=\box28
\multicol@leftmargin=\dimen113
\c@unbalance=\count103
\c@collectmore=\count104
\doublecol@number=\count105
\multicoltolerance=\count106
\multicolpretolerance=\count107
\full@width=\dimen114
\page@free=\dimen115
\premulticols=\dimen116
\postmulticols=\dimen117
\multicolsep=\skip51
\multicolbaselineskip=\skip52
\partial@page=\box29
\last@line=\box30
\mult@rightbox=\box31
\mult@grightbox=\box32
\mult@gfirstbox=\box33
\mult@firstbox=\box34
\@tempa=\box35
\@tempa=\box36
\@tempa=\box37
\@tempa=\box38
\@tempa=\box39
\@tempa=\box40
\@tempa=\box41
\@tempa=\box42
\@tempa=\box43
\@tempa=\box44
\@tempa=\box45
\@tempa=\box46
\@tempa=\box47
\@tempa=\box48
\@tempa=\box49
\@tempa=\box50
\@tempa=\box51
\c@columnbadness=\count108
\c@finalcolumnbadness=\count109
\last@try=\dimen118
\multicolovershoot=\dimen119
\multicolundershoot=\dimen120
\mult@nat@firstbox=\box52
\colbreak@box=\box53
\multicol@sort@counter=\count110
)
(/opt/local/share/texmf-texlive/tex/latex/xcolor/xcolor.sty
Package: xcolor 2007/01/21 v2.11 LaTeX color extensions (UK)

(/opt/local/share/texmf-texlive/tex/latex/latexconfig/color.cfg
File: color.cfg 2007/01/18 v1.5 color configuration of teTeX/TeXLive
)
Package xcolor Info: Driver file: dvips.def on input line 225.

(/opt/local/share/texmf-texlive/tex/latex/graphics/dvips.def
File: dvips.def 1999/02/16 v3.0i Driver-dependant file (DPC,SPQR)
)
Package xcolor Info: Model `cmy' substituted by `cmy0' on input line 1337.
Package xcolor Info: Model `RGB' extended on input line 1353.
Package xcolor Info: Model `HTML' substituted by `rgb' on input line 1355.
Package xcolor Info: Model `Hsb' substituted by `hsb' on input line 1356.
Package xcolor Info: Model `tHsb' substituted by `hsb' on input line 1357.
Package xcolor Info: Model `HSB' substituted by `hsb' on input line 1358.
Package xcolor Info: Model `Gray' substituted by `gray' on input line 1359.
Package xcolor Info: Model `wave' substituted by `hsb' on input line 1360.
) (./listings.sty
\lst@mode=\count111
\lst@gtempboxa=\box54
\lst@token=\toks23
\lst@length=\count112
\lst@currlwidth=\dimen121
\lst@column=\count113
\lst@pos=\count114
\lst@lostspace=\dimen122
\lst@width=\dimen123
\lst@newlines=\count115
\lst@lineno=\count116
\lst@maxwidth=\dimen124

(./lstmisc.sty
File: lstmisc.sty 2007/02/22 1.4 (Carsten Heinz)
\c@lstnumber=\count117
\lst@skipnumbers=\count118
\lst@framebox=\box55
) (./listings.cfg
File: listings.cfg 2007/02/22 1.4 listings configuration
))
Package: listings 2007/02/22 1.4 (Carsten Heinz)
 (./mcode.sty
-- Package: `mcode' 2.4 <2013/11/05> --
Package: mcode 2013/11/05 2.4
 - settings optimized for printing (bw formating)
(/opt/local/share/texmf-texlive/tex/latex/base/textcomp.sty
Package: textcomp 2005/09/27 v1.99g Standard LaTeX package
Package textcomp Info: Sub-encoding information:
(textcomp)               5 = only ISO-Adobe without \textcurrency
(textcomp)               4 = 5 + \texteuro
(textcomp)               3 = 4 + \textohm
(textcomp)               2 = 3 + \textestimated + \textcurrency
(textcomp)               1 = TS1 - \textcircled - \t
(textcomp)               0 = TS1 (full)
(textcomp)             Font families with sub-encoding setting implement
(textcomp)             only a restricted character set as indicated.
(textcomp)             Family '?' is the default used for unknown fonts.
(textcomp)             See the documentation for details.
Package textcomp Info: Setting ? sub-encoding to TS1/1 on input line 71.

(/opt/local/share/texmf-texlive/tex/latex/base/ts1enc.def
File: ts1enc.def 2001/06/05 v3.0e (jk/car/fm) Standard LaTeX file
Now handling font encoding TS1 ...
... processing UTF-8 mapping file for font encoding TS1

(/opt/local/share/texmf-texlive/tex/latex/base/ts1enc.dfu
File: ts1enc.dfu 2008/04/05 v1.1m UTF-8 support for inputenc
   defining Unicode char U+00A2 (decimal 162)
   defining Unicode char U+00A3 (decimal 163)
   defining Unicode char U+00A4 (decimal 164)
   defining Unicode char U+00A5 (decimal 165)
   defining Unicode char U+00A6 (decimal 166)
   defining Unicode char U+00A7 (decimal 167)
   defining Unicode char U+00A8 (decimal 168)
   defining Unicode char U+00A9 (decimal 169)
   defining Unicode char U+00AA (decimal 170)
   defining Unicode char U+00AC (decimal 172)
   defining Unicode char U+00AE (decimal 174)
   defining Unicode char U+00AF (decimal 175)
   defining Unicode char U+00B0 (decimal 176)
   defining Unicode char U+00B1 (decimal 177)
   defining Unicode char U+00B2 (decimal 178)
   defining Unicode char U+00B3 (decimal 179)
   defining Unicode char U+00B4 (decimal 180)
   defining Unicode char U+00B5 (decimal 181)
   defining Unicode char U+00B6 (decimal 182)
   defining Unicode char U+00B7 (decimal 183)
   defining Unicode char U+00B9 (decimal 185)
   defining Unicode char U+00BA (decimal 186)
   defining Unicode char U+00BC (decimal 188)
   defining Unicode char U+00BD (decimal 189)
   defining Unicode char U+00BE (decimal 190)
   defining Unicode char U+00D7 (decimal 215)
   defining Unicode char U+00F7 (decimal 247)
   defining Unicode char U+0192 (decimal 402)
   defining Unicode char U+02C7 (decimal 711)
   defining Unicode char U+02D8 (decimal 728)
   defining Unicode char U+02DD (decimal 733)
   defining Unicode char U+0E3F (decimal 3647)
   defining Unicode char U+2016 (decimal 8214)
   defining Unicode char U+2020 (decimal 8224)
   defining Unicode char U+2021 (decimal 8225)
   defining Unicode char U+2022 (decimal 8226)
   defining Unicode char U+2030 (decimal 8240)
   defining Unicode char U+2031 (decimal 8241)
   defining Unicode char U+203B (decimal 8251)
   defining Unicode char U+203D (decimal 8253)
   defining Unicode char U+2044 (decimal 8260)
   defining Unicode char U+204E (decimal 8270)
   defining Unicode char U+2052 (decimal 8274)
   defining Unicode char U+20A1 (decimal 8353)
   defining Unicode char U+20A4 (decimal 8356)
   defining Unicode char U+20A6 (decimal 8358)
   defining Unicode char U+20A9 (decimal 8361)
   defining Unicode char U+20AB (decimal 8363)
   defining Unicode char U+20AC (decimal 8364)
   defining Unicode char U+20B1 (decimal 8369)
   defining Unicode char U+2103 (decimal 8451)
   defining Unicode char U+2116 (decimal 8470)
   defining Unicode char U+2117 (decimal 8471)
   defining Unicode char U+211E (decimal 8478)
   defining Unicode char U+2120 (decimal 8480)
   defining Unicode char U+2122 (decimal 8482)
   defining Unicode char U+2126 (decimal 8486)
   defining Unicode char U+2127 (decimal 8487)
   defining Unicode char U+212E (decimal 8494)
   defining Unicode char U+2190 (decimal 8592)
   defining Unicode char U+2191 (decimal 8593)
   defining Unicode char U+2192 (decimal 8594)
   defining Unicode char U+2193 (decimal 8595)
   defining Unicode char U+2329 (decimal 9001)
   defining Unicode char U+232A (decimal 9002)
   defining Unicode char U+2422 (decimal 9250)
   defining Unicode char U+25E6 (decimal 9702)
   defining Unicode char U+25EF (decimal 9711)
   defining Unicode char U+266A (decimal 9834)
))
LaTeX Info: Redefining \oldstylenums on input line 266.
Package textcomp Info: Setting cmr sub-encoding to TS1/0 on input line 281.
Package textcomp Info: Setting cmss sub-encoding to TS1/0 on input line 282.
Package textcomp Info: Setting cmtt sub-encoding to TS1/0 on input line 283.
Package textcomp Info: Setting cmvtt sub-encoding to TS1/0 on input line 284.
Package textcomp Info: Setting cmbr sub-encoding to TS1/0 on input line 285.
Package textcomp Info: Setting cmtl sub-encoding to TS1/0 on input line 286.
Package textcomp Info: Setting ccr sub-encoding to TS1/0 on input line 287.
Package textcomp Info: Setting ptm sub-encoding to TS1/4 on input line 288.
Package textcomp Info: Setting pcr sub-encoding to TS1/4 on input line 289.
Package textcomp Info: Setting phv sub-encoding to TS1/4 on input line 290.
Package textcomp Info: Setting ppl sub-encoding to TS1/3 on input line 291.
Package textcomp Info: Setting pag sub-encoding to TS1/4 on input line 292.
Package textcomp Info: Setting pbk sub-encoding to TS1/4 on input line 293.
Package textcomp Info: Setting pnc sub-encoding to TS1/4 on input line 294.
Package textcomp Info: Setting pzc sub-encoding to TS1/4 on input line 295.
Package textcomp Info: Setting bch sub-encoding to TS1/4 on input line 296.
Package textcomp Info: Setting put sub-encoding to TS1/5 on input line 297.
Package textcomp Info: Setting uag sub-encoding to TS1/5 on input line 298.
Package textcomp Info: Setting ugq sub-encoding to TS1/5 on input line 299.
Package textcomp Info: Setting ul8 sub-encoding to TS1/4 on input line 300.
Package textcomp Info: Setting ul9 sub-encoding to TS1/4 on input line 301.
Package textcomp Info: Setting augie sub-encoding to TS1/5 on input line 302.
Package textcomp Info: Setting dayrom sub-encoding to TS1/3 on input line 303.
Package textcomp Info: Setting dayroms sub-encoding to TS1/3 on input line 304.

Package textcomp Info: Setting pxr sub-encoding to TS1/0 on input line 305.
Package textcomp Info: Setting pxss sub-encoding to TS1/0 on input line 306.
Package textcomp Info: Setting pxtt sub-encoding to TS1/0 on input line 307.
Package textcomp Info: Setting txr sub-encoding to TS1/0 on input line 308.
Package textcomp Info: Setting txss sub-encoding to TS1/0 on input line 309.
Package textcomp Info: Setting txtt sub-encoding to TS1/0 on input line 310.
Package textcomp Info: Setting lmr sub-encoding to TS1/0 on input line 311.
Package textcomp Info: Setting lmdh sub-encoding to TS1/0 on input line 312.
Package textcomp Info: Setting lmss sub-encoding to TS1/0 on input line 313.
Package textcomp Info: Setting lmssq sub-encoding to TS1/0 on input line 314.
Package textcomp Info: Setting lmvtt sub-encoding to TS1/0 on input line 315.
Package textcomp Info: Setting qhv sub-encoding to TS1/0 on input line 316.
Package textcomp Info: Setting qag sub-encoding to TS1/0 on input line 317.
Package textcomp Info: Setting qbk sub-encoding to TS1/0 on input line 318.
Package textcomp Info: Setting qcr sub-encoding to TS1/0 on input line 319.
Package textcomp Info: Setting qcs sub-encoding to TS1/0 on input line 320.
Package textcomp Info: Setting qpl sub-encoding to TS1/0 on input line 321.
Package textcomp Info: Setting qtm sub-encoding to TS1/0 on input line 322.
Package textcomp Info: Setting qzc sub-encoding to TS1/0 on input line 323.
Package textcomp Info: Setting qhvc sub-encoding to TS1/0 on input line 324.
Package textcomp Info: Setting futs sub-encoding to TS1/4 on input line 325.
Package textcomp Info: Setting futx sub-encoding to TS1/4 on input line 326.
Package textcomp Info: Setting futj sub-encoding to TS1/4 on input line 327.
Package textcomp Info: Setting hlh sub-encoding to TS1/3 on input line 328.
Package textcomp Info: Setting hls sub-encoding to TS1/3 on input line 329.
Package textcomp Info: Setting hlst sub-encoding to TS1/3 on input line 330.
Package textcomp Info: Setting hlct sub-encoding to TS1/5 on input line 331.
Package textcomp Info: Setting hlx sub-encoding to TS1/5 on input line 332.
Package textcomp Info: Setting hlce sub-encoding to TS1/5 on input line 333.
Package textcomp Info: Setting hlcn sub-encoding to TS1/5 on input line 334.
Package textcomp Info: Setting hlcw sub-encoding to TS1/5 on input line 335.
Package textcomp Info: Setting hlcf sub-encoding to TS1/5 on input line 336.
Package textcomp Info: Setting pplx sub-encoding to TS1/3 on input line 337.
Package textcomp Info: Setting pplj sub-encoding to TS1/3 on input line 338.
Package textcomp Info: Setting ptmx sub-encoding to TS1/4 on input line 339.
Package textcomp Info: Setting ptmj sub-encoding to TS1/4 on input line 340.
)) (./x10.sty)
(/opt/local/share/texmf-texlive/tex/generic/oberdiek/ifpdf.sty
Package: ifpdf 2011/01/30 v2.3 Provides the ifpdf switch (HO)
Package ifpdf Info: pdfTeX in PDF mode is not detected.
)
(/opt/local/share/texmf-texlive/tex/latex/tools/xspace.sty
Package: xspace 2009/10/20 v1.13 Space after command names (DPC,MH)
)
(/opt/local/share/texmf-texlive/tex/latex/type1cm/type1cm.sty
Package: type1cm 2002/09/05 v0.04 BlueSky/Y&Y Type1 CM font definitions (DPC, p
atched RF)
)
(/opt/local/share/texmf-texlive/tex/latex/psnfss/times.sty
Package: times 2005/04/12 PSNFSS-v9.2a (SPQR) 
)
(/opt/local/share/texmf-texlive/tex/latex/psnfss/mathptmx.sty
Package: mathptmx 2005/04/12 PSNFSS-v9.2a Times w/ Math, improved (SPQR, WaS) 
LaTeX Font Info:    Redeclaring symbol font `operators' on input line 28.
LaTeX Font Info:    Overwriting symbol font `operators' in version `normal'
(Font)                  OT1/cmr/m/n --> OT1/ztmcm/m/n on input line 28.
LaTeX Font Info:    Overwriting symbol font `operators' in version `bold'
(Font)                  OT1/cmr/bx/n --> OT1/ztmcm/m/n on input line 28.
LaTeX Font Info:    Redeclaring symbol font `letters' on input line 29.
LaTeX Font Info:    Overwriting symbol font `letters' in version `normal'
(Font)                  OML/cmm/m/it --> OML/ztmcm/m/it on input line 29.
LaTeX Font Info:    Overwriting symbol font `letters' in version `bold'
(Font)                  OML/cmm/b/it --> OML/ztmcm/m/it on input line 29.
LaTeX Font Info:    Redeclaring symbol font `symbols' on input line 30.
LaTeX Font Info:    Overwriting symbol font `symbols' in version `normal'
(Font)                  OMS/cmsy/m/n --> OMS/ztmcm/m/n on input line 30.
LaTeX Font Info:    Overwriting symbol font `symbols' in version `bold'
(Font)                  OMS/cmsy/b/n --> OMS/ztmcm/m/n on input line 30.
LaTeX Font Info:    Redeclaring symbol font `largesymbols' on input line 31.
LaTeX Font Info:    Overwriting symbol font `largesymbols' in version `normal'
(Font)                  OMX/cmex/m/n --> OMX/ztmcm/m/n on input line 31.
LaTeX Font Info:    Overwriting symbol font `largesymbols' in version `bold'
(Font)                  OMX/cmex/m/n --> OMX/ztmcm/m/n on input line 31.
\symbold=\mathgroup4
\symitalic=\mathgroup5
LaTeX Font Info:    Redeclaring math alphabet \mathbf on input line 34.
LaTeX Font Info:    Overwriting math alphabet `\mathbf' in version `normal'
(Font)                  OT1/cmr/bx/n --> OT1/ptm/bx/n on input line 34.
LaTeX Font Info:    Overwriting math alphabet `\mathbf' in version `bold'
(Font)                  OT1/cmr/bx/n --> OT1/ptm/bx/n on input line 34.
LaTeX Font Info:    Redeclaring math alphabet \mathit on input line 35.
LaTeX Font Info:    Overwriting math alphabet `\mathit' in version `normal'
(Font)                  OT1/cmr/m/it --> OT1/ptm/m/it on input line 35.
LaTeX Font Info:    Overwriting math alphabet `\mathit' in version `bold'
(Font)                  OT1/cmr/bx/it --> OT1/ptm/m/it on input line 35.
LaTeX Info: Redefining \hbar on input line 50.
)
(/opt/local/share/texmf-texlive/tex/latex/psnfss/helvet.sty
Package: helvet 2005/04/12 PSNFSS-v9.2a (WaS) 
)
(/opt/local/share/texmf-texlive/tex/latex/psnfss/pifont.sty
Package: pifont 2005/04/12 PSNFSS-v9.2a Pi font support (SPQR) 
LaTeX Font Info:    Try loading font information for U+pzd on input line 63.

(/opt/local/share/texmf-texlive/tex/latex/psnfss/upzd.fd
File: upzd.fd 2001/06/04 font definitions for U/pzd.
)
LaTeX Font Info:    Try loading font information for U+psy on input line 64.

(/opt/local/share/texmf-texlive/tex/latex/psnfss/upsy.fd
File: upsy.fd 2001/06/04 font definitions for U/psy.
))
(/opt/local/share/texmf-texlive/tex/latex/fancyhdr/fancyhdr.sty
\fancy@headwidth=\skip53
\f@ncyO@elh=\skip54
\f@ncyO@erh=\skip55
\f@ncyO@olh=\skip56
\f@ncyO@orh=\skip57
\f@ncyO@elf=\skip58
\f@ncyO@erf=\skip59
\f@ncyO@olf=\skip60
\f@ncyO@orf=\skip61
)
(/opt/local/share/texmf-texlive/tex/latex/tools/verbatim.sty
Package: verbatim 2003/08/22 v1.5q LaTeX2e package for verbatim enhancements
\every@verbatim=\toks24
\verbatim@line=\toks25
\verbatim@in@stream=\read1
)
(/opt/local/share/texmf-texlive/tex/latex/fancyvrb/fancyvrb.sty
Package: fancyvrb 2008/02/07

Style option: `fancyvrb' v2.7a, with DG/SPQR fixes, and firstline=lastline fix 
<2008/02/07> (tvz)
\FV@CodeLineNo=\count119
\FV@InFile=\read2
\FV@TabBox=\box56
\c@FancyVerbLine=\count120
\FV@StepNumber=\count121
\FV@OutFile=\write3
) (/opt/local/share/texmf-texlive/tex/latex/url/url.sty
\Urlmuskip=\muskip10
Package: url 2006/04/12  ver 3.3  Verb mode for urls, etc.
)
(/opt/local/share/texmf-texlive/tex/latex/caption/caption.sty
Package: caption 2013/05/02 v3.3-89 Customizing captions (AR)

(/opt/local/share/texmf-texlive/tex/latex/caption/caption3.sty
Package: caption3 2013/05/02 v1.6-88 caption3 kernel (AR)
Package caption3 Info: TeX engine: e-TeX on input line 57.
\captionmargin=\dimen125
\captionmargin@=\dimen126
\captionwidth=\dimen127
\caption@tempdima=\dimen128
\caption@indent=\dimen129
\caption@parindent=\dimen130
\caption@hangindent=\dimen131
)
\c@ContinuedFloat=\count122
Package caption Info: float package is loaded.
Package caption Info: listings package is loaded.
) (./subfig.sty
Package: subfig 2004/01/28 ver: 1.2 subfig package
\c@KVtest=\count123
\sf@farskip=\skip62
\sf@captopadj=\dimen132
\sf@capskip=\skip63
\sf@nearskip=\skip64
\c@subfigure=\count124
\c@subfigure@save=\count125
\c@lofdepth=\count126
\c@subtable=\count127
\c@subtable@save=\count128
\c@lotdepth=\count129
\sf@top=\skip65
\sf@bottom=\skip66
) (/opt/local/share/texmf-texlive/tex/latex/setspace/setspace.sty
Package: setspace 2011/12/19 v6.7a set line spacing
)
(/opt/local/share/texmf-texlive/tex/latex/tools/longtable.sty
Package: longtable 2004/02/01 v4.11 Multi-page Table package (DPC)
\LTleft=\skip67
\LTright=\skip68
\LTpre=\skip69
\LTpost=\skip70
\LTchunksize=\count130
\LTcapwidth=\dimen133
\LT@head=\box57
\LT@firsthead=\box58
\LT@foot=\box59
\LT@lastfoot=\box60
\LT@cols=\count131
\LT@rows=\count132
\c@LT@tables=\count133
\c@LT@chunks=\count134
\LT@p@ftn=\toks26
)
(/opt/local/share/texmf-texlive/tex/latex/multirow/multirow.sty
\bigstrutjot=\dimen134
)
(/opt/local/share/texmf-texlive/tex/latex/tools/dcolumn.sty
Package: dcolumn 2001/05/28 v1.06 decimal alignment package (DPC)
)
(/opt/local/share/texmf-texlive/tex/latex/colortbl/colortbl.sty
Package: colortbl 2012/02/13 v1.0a Color table columns (DPC)
\everycr=\toks27
\minrowclearance=\skip71
)
(/opt/local/share/texmf-texlive/tex/latex/graphics/graphicx.sty
Package: graphicx 1999/02/16 v1.0f Enhanced LaTeX Graphics (DPC,SPQR)

(/opt/local/share/texmf-texlive/tex/latex/graphics/graphics.sty
Package: graphics 2009/02/05 v1.0o Standard LaTeX Graphics (DPC,SPQR)

(/opt/local/share/texmf-texlive/tex/latex/graphics/trig.sty
Package: trig 1999/03/16 v1.09 sin cos tan (DPC)
)
(/opt/local/share/texmf-texlive/tex/latex/latexconfig/graphics.cfg
File: graphics.cfg 2010/04/23 v1.9 graphics configuration of TeX Live
)
Package graphics Info: Driver file: dvips.def on input line 91.
)
\Gin@req@height=\dimen135
\Gin@req@width=\dimen136
)
(/opt/local/share/texmf-texlive/tex/latex/tools/layout.sty
Package: layout 2000/09/25 v1.2c Show layout parameters
\oneinch=\count135
\cnt@paperwidth=\count136
\cnt@paperheight=\count137
\cnt@hoffset=\count138
\cnt@voffset=\count139
\cnt@textheight=\count140
\cnt@textwidth=\count141
\cnt@topmargin=\count142
\cnt@oddsidemargin=\count143
\cnt@evensidemargin=\count144
\cnt@headheight=\count145
\cnt@headsep=\count146
\cnt@marginparsep=\count147
\cnt@marginparwidth=\count148
\cnt@marginparpush=\count149
\cnt@footskip=\count150
\fheight=\count151
\ref@top=\count152
\ref@hoffset=\count153
\ref@voffset=\count154
\ref@head=\count155
\ref@body=\count156
\ref@foot=\count157
\ref@margin=\count158
\ref@marginwidth=\count159
\ref@marginpar=\count160
\Interval=\count161
\ExtraYPos=\count162
\PositionX=\count163
\PositionY=\count164
\ArrowLength=\count165
)
(/opt/local/share/texmf-texlive/tex/latex/titlesec/titlesec.sty
Package: titlesec 2011/12/15 v2.10.0 Sectioning titles
\ttl@box=\box61
\beforetitleunit=\skip72
\aftertitleunit=\skip73
\ttl@plus=\dimen137
\ttl@minus=\dimen138
\ttl@toksa=\toks28
\titlewidth=\dimen139
\titlewidthlast=\dimen140
\titlewidthfirst=\dimen141
)
(/opt/local/share/texmf-texlive/tex/latex/rotating/rotating.sty
Package: rotating 2009/03/28 v2.16a rotated objects in LaTeX
\c@r@tfl@t=\count166
\rotFPtop=\skip74
\rotFPbot=\skip75
\rot@float@box=\box62
\rot@mess@toks=\toks29
)
(/opt/local/share/texmf-texlive/tex/latex/tocbibind/tocbibind.sty
Package: tocbibind 2010/10/13 v1.5k extra ToC listings
Package tocbibind Info: The document has chapter divisions on input line 50.


Package tocbibind Note: Using chapter style headings, unless overridden.

) (/opt/local/share/texmf-texlive/tex/latex/hyperref/hyperref.sty
Package: hyperref 2012/11/06 v6.83m Hypertext links for LaTeX

(/opt/local/share/texmf-texlive/tex/generic/oberdiek/hobsub-hyperref.sty
Package: hobsub-hyperref 2012/05/28 v1.13 Bundle oberdiek, subset hyperref (HO)


(/opt/local/share/texmf-texlive/tex/generic/oberdiek/hobsub-generic.sty
Package: hobsub-generic 2012/05/28 v1.13 Bundle oberdiek, subset generic (HO)
Package: hobsub 2012/05/28 v1.13 Construct package bundles (HO)
Package: infwarerr 2010/04/08 v1.3 Providing info/warning/error messages (HO)
Package: ltxcmds 2011/11/09 v1.22 LaTeX kernel commands for general use (HO)
Package: ifluatex 2010/03/01 v1.3 Provides the ifluatex switch (HO)
Package ifluatex Info: LuaTeX not detected.
Package: ifvtex 2010/03/01 v1.5 Detect VTeX and its facilities (HO)
Package ifvtex Info: VTeX not detected.
Package: intcalc 2007/09/27 v1.1 Expandable calculations with integers (HO)
Package hobsub Info: Skipping package `ifpdf' (already loaded).
Package: etexcmds 2011/02/16 v1.5 Avoid name clashes with e-TeX commands (HO)
Package etexcmds Info: Could not find \expanded.
(etexcmds)             That can mean that you are not using pdfTeX 1.50 or
(etexcmds)             that some package has redefined \expanded.
(etexcmds)             In the latter case, load this package earlier.
Package: kvsetkeys 2012/04/25 v1.16 Key value parser (HO)
Package: kvdefinekeys 2011/04/07 v1.3 Define keys (HO)
Package: pdftexcmds 2011/11/29 v0.20 Utility functions of pdfTeX for LuaTeX (HO
)
Package pdftexcmds Info: LuaTeX not detected.
Package pdftexcmds Info: \pdf@primitive is available.
Package pdftexcmds Info: \pdf@ifprimitive is available.
Package pdftexcmds Info: \pdfdraftmode is ignored in DVI mode.
Package: pdfescape 2011/11/25 v1.13 Implements pdfTeX's escape features (HO)
Package: bigintcalc 2012/04/08 v1.3 Expandable calculations on big integers (HO
)
Package: bitset 2011/01/30 v1.1 Handle bit-vector datatype (HO)
Package: uniquecounter 2011/01/30 v1.2 Provide unlimited unique counter (HO)
)
Package hobsub Info: Skipping package `hobsub' (already loaded).
Package: letltxmacro 2010/09/02 v1.4 Let assignment for LaTeX macros (HO)
Package: hopatch 2012/05/28 v1.2 Wrapper for package hooks (HO)
Package: xcolor-patch 2011/01/30 xcolor patch
Package: atveryend 2011/06/30 v1.8 Hooks at the very end of document (HO)
Package atveryend Info: \enddocument detected (standard20110627).
Package: atbegshi 2011/10/05 v1.16 At begin shipout hook (HO)
Package: refcount 2011/10/16 v3.4 Data extraction from label references (HO)
Package: hycolor 2011/01/30 v1.7 Color options for hyperref/bookmark (HO)
)
(/opt/local/share/texmf-texlive/tex/generic/ifxetex/ifxetex.sty
Package: ifxetex 2010/09/12 v0.6 Provides ifxetex conditional
)
(/opt/local/share/texmf-texlive/tex/latex/oberdiek/auxhook.sty
Package: auxhook 2011/03/04 v1.3 Hooks for auxiliary files (HO)


Package auxhook Warning: Cannot patch \document,
(auxhook)                using \AtBeginDocument instead.

) (/opt/local/share/texmf-texlive/tex/latex/oberdiek/kvoptions.sty
Package: kvoptions 2011/06/30 v3.11 Key value format for package options (HO)
)
\@linkdim=\dimen142
\Hy@linkcounter=\count167
\Hy@pagecounter=\count168

(/opt/local/share/texmf-texlive/tex/latex/hyperref/pd1enc.def
File: pd1enc.def 2012/11/06 v6.83m Hyperref: PDFDocEncoding definition (HO)
Now handling font encoding PD1 ...
... no UTF-8 mapping file for font encoding PD1
)
\Hy@SavedSpaceFactor=\count169

(/opt/local/share/texmf-texlive/tex/latex/latexconfig/hyperref.cfg
File: hyperref.cfg 2002/06/06 v1.2 hyperref configuration of TeXLive
)
Package hyperref Info: Option `colorlinks' set `true' on input line 4319.
Package hyperref Info: Option `breaklinks' set `true' on input line 4319.
Package hyperref Info: Option `colorlinks' set `true' on input line 4319.


Package hyperref Warning: Option `pagecolor' is not available anymore.

Package hyperref Info: Hyper figures OFF on input line 4443.
Package hyperref Info: Link nesting OFF on input line 4448.
Package hyperref Info: Hyper index ON on input line 4451.
Package hyperref Info: Plain pages OFF on input line 4458.
Package hyperref Info: Backreferencing OFF on input line 4463.
Package hyperref Info: Implicit mode ON; LaTeX internals redefined.
Package hyperref Info: Bookmarks ON on input line 4688.
\c@Hy@tempcnt=\count170
LaTeX Info: Redefining \url on input line 5041.
\XeTeXLinkMargin=\dimen143
\Fld@menulength=\count171
\Field@Width=\dimen144
\Fld@charsize=\dimen145
\Field@toks=\toks30
Package hyperref Info: Hyper figures OFF on input line 6295.
Package hyperref Info: Link nesting OFF on input line 6300.
Package hyperref Info: Hyper index ON on input line 6303.
Package hyperref Info: backreferencing OFF on input line 6310.
Package hyperref Info: Link coloring ON on input line 6313.
Package hyperref Info: Link coloring with OCG OFF on input line 6320.
Package hyperref Info: PDF/A mode OFF on input line 6325.
LaTeX Info: Redefining \ref on input line 6365.
LaTeX Info: Redefining \pageref on input line 6369.
\Hy@abspage=\count172

Package hyperref Message: Stopped early.

)

Package hyperref Message: Driver: htex4ht.

(/opt/local/share/texmf-texlive/tex/latex/hyperref/htex4ht.def
File: htex4ht.def 2012/11/06 v6.83m Hyperref driver for TeX4ht
Package hyperref Info: tex4ht is already loaded.
)
(/opt/local/share/texmf-texlive/tex/latex/amsfonts/amssymb.sty
Package: amssymb 2013/01/14 v3.01 AMS font symbols

(/opt/local/share/texmf-texlive/tex/latex/amsfonts/amsfonts.sty
Package: amsfonts 2013/01/14 v3.01 Basic AMSFonts support
\@emptytoks=\toks31
\symAMSa=\mathgroup6
\symAMSb=\mathgroup7
LaTeX Font Info:    Overwriting math alphabet `\mathfrak' in version `bold'
(Font)                  U/euf/m/n --> U/euf/b/n on input line 106.
))
(/opt/local/share/texmf-texlive/tex/latex/amsmath/amsmath.sty
Package: amsmath 2013/01/14 v2.14 AMS math features
\@mathmargin=\skip76

For additional information on amsmath, use the `?' option.
(/opt/local/share/texmf-texlive/tex/latex/amsmath/amstext.sty
Package: amstext 2000/06/29 v2.01

(/opt/local/share/texmf-texlive/tex/latex/amsmath/amsgen.sty
File: amsgen.sty 1999/11/30 v2.0
\@emptytoks=\toks32
\ex@=\dimen146
))
(/opt/local/share/texmf-texlive/tex/latex/amsmath/amsbsy.sty
Package: amsbsy 1999/11/29 v1.2d
\pmbraise@=\dimen147
)
(/opt/local/share/texmf-texlive/tex/latex/amsmath/amsopn.sty
Package: amsopn 1999/12/14 v2.01 operator names
)
\inf@bad=\count173
LaTeX Info: Redefining \frac on input line 210.
\uproot@=\count174
\leftroot@=\count175
LaTeX Info: Redefining \overline on input line 306.
\classnum@=\count176
\DOTSCASE@=\count177
LaTeX Info: Redefining \ldots on input line 378.
LaTeX Info: Redefining \dots on input line 381.
LaTeX Info: Redefining \cdots on input line 466.
\Mathstrutbox@=\box63
\strutbox@=\box64
\big@size=\dimen148
LaTeX Font Info:    Redeclaring font encoding OML on input line 566.
LaTeX Font Info:    Redeclaring font encoding OMS on input line 567.
\macc@depth=\count178
\c@MaxMatrixCols=\count179
\dotsspace@=\muskip11
\c@parentequation=\count180
\dspbrk@lvl=\count181
\tag@help=\toks33
\row@=\count182
\column@=\count183
\maxfields@=\count184
\andhelp@=\toks34
\eqnshift@=\dimen149
\alignsep@=\dimen150
\tagshift@=\dimen151
\tagwidth@=\dimen152
\totwidth@=\dimen153
\lineht@=\dimen154
\@envbody=\toks35
\multlinegap=\skip77
\multlinetaggap=\skip78
\mathdisplay@stack=\toks36
LaTeX Info: Redefining \[ on input line 2665.
LaTeX Info: Redefining \] on input line 2666.
) (./bnf.sty
Style-Option: `bnf' v1.1a <92/01/30> (Hugh Osborne/br)
) (./localcmds.tex (./lstlang1.sty
File: lstlang1.sty 2004/09/05 1.3 listings language file
) (./lstlang1.sty
File: lstlang1.sty 2004/09/05 1.3 listings language file
)) (./hyphenation.tex)
(/opt/local/share/texmf-texlive/tex/generic/tex4ht/tex4ht.4ht
version 2009-01-07-07:11
--------------------------------------
--- Note --- for additional information, use the command line option `info'
--------------------------------------

::::::::::::::::::::::::::::::::::::::::::
 TeX4ht info is available in the log file 
::::::::::::::::::::::::::::::::::::::::::
) (/opt/local/share/texmf-texlive/tex/generic/tex4ht/tex4ht.sty
version 2008-10-27-17:23

--- needs --- tex4ht thesis ---
\tmp:cnt=\count185
\openout15 = `thesis.tmp'.

(./thesis.tmp)
\tmp:dim=\skip79
--------------------------------------
--- Note --- for XML code, use the command line option `xml' or `xhtml'
--------------------------------------
 (./thesis.xref)
\:refout=\write4
\openout4 = `thesis.xref'.


(/opt/local/share/texmf-texlive/tex/generic/tex4ht/html4.4ht
version 2009-05-18-23:01
--------------------------------------
--- Note --- to remove the <?xml version=...?> processing instruction use the c
ommand line option `no-VERSION'
--------------------------------------
--------------------------------------
--- Note --- to remove the DOCTYPE declaration use the command line option `no-
DOCTYPE'
--------------------------------------
)
(/opt/local/share/texmf-texlive/tex/generic/tex4ht/html4-math.4ht
version 2009-05-18-23:01
)
--------------------------------------
--- Note --- for marking of the base font, use the command line option `fonts+'

--------------------------------------
--------------------------------------
--- Note --- for non active _, use the command line option `no_'
--------------------------------------
--------------------------------------
--- Note --- for _ of catcode 13, use the command line option `_13'
--------------------------------------
--------------------------------------
--- Note --- for non active ^, use the command line option `no^'
--------------------------------------
--------------------------------------
--- Note --- for ^ of catcode 13, use the command line option `^13'
--------------------------------------

(/opt/local/share/texmf-texlive/tex/generic/tex4ht/html4.4ht
version 2009-05-18-23:01
--------------------------------------
--- Note --- for alternative charset, use the command line option `charset=...'

--------------------------------------
--------------------------------------
--- Note --- to ignore CSS font decoration, use the `NoFonts' command line opti
on
--------------------------------------
--------------------------------------
--- Note --- for jpg bitmaps of pictures, use the `jpg' command line option. (C
haracter bitmaps are controled only by `g' records of tex4ht.env and `-g' switc
hes of tex4ht.c) 
--------------------------------------
--------------------------------------
--- Note --- for gif bitmaps of pictures, use the `gif' command line option. (C
haracter bitmaps are controled only by `g' records of tex4ht.env and `-g' switc
hes of tex4ht.c) 
--------------------------------------
--------------------------------------
--- Note --- for content and toc in 2 frames, use the command line option `fram
es'
--------------------------------------
--------------------------------------
--- Note --- for content, toc, and footnotes in 3 frames, use the command line 
option `frames-fn'
--------------------------------------
--------------------------------------
--- Note --- for file extension name xht, use the command line option `xht'
--------------------------------------
TeX4ht package options: html
--------------------------------------
--- Note --- to ignore CSS code, use the command line option `-css
--------------------------------------
--------------------------------------
--- Note --- for inline CSS code, use the command line option `css-in'
--------------------------------------
--------------------------------------
--- Note --- for pop ups on mouse over, use the command line option `mouseover'

--------------------------------------
--------------------------------------
--- Note --- for addressing images in a subdirectory, use the command line opti
on `imgdir:.../'
--------------------------------------
)
(/opt/local/share/texmf-texlive/tex/generic/tex4ht/html4-math.4ht
version 2009-05-18-23:01
)
\:tokwrite=\toks37
\:tokpage=\toks38
--------------------------------------
--- Note --- for back links to toc, use the command line option `sections+'
--------------------------------------
--------------------------------------
--- Note --- for linear crosslinks of pages, use the command line option `next'

--------------------------------------
\openout15 = `thesis.4ct'.

\:tocout=\write5
\openout5 = `thesis.4tc'.


(/opt/local/share/texmf-texlive/tex/generic/tex4ht/html4.4ht
version 2009-05-18-23:01
)
(/opt/local/share/texmf-texlive/tex/generic/tex4ht/html4-math.4ht
version 2009-05-18-23:01
)
(/opt/local/share/texmf-texlive/tex/generic/tex4ht/latex.4ht
version 2009-05-21-09:32
--------------------------------------
--- Note --- for links into captions, instead of float heads, use the command l
ine option `refcaption'
--------------------------------------

(/opt/local/share/texmf-texlive/tex/generic/tex4ht/html4.4ht
version 2009-05-18-23:01
--------------------------------------
--- Note --- For mini tocs immediately aftter the header use the command line o
ption `minitoc<'
--------------------------------------
--------------------------------------
--- Note --- for enumerated list elements with valued data, use the command lin
e option `enumerate+'
--------------------------------------
--------------------------------------
--- Note --- for enumerated list elements li's with value attributes, use the c
ommand line option `enumerate-'
--------------------------------------
--------------------------------------
--- Note --- for CSS2 code, use the command line option `css2'
--------------------------------------
--------------------------------------
--- Note --- for pictorial tabular, use the command line option `pic-tabular'
--------------------------------------
--------------------------------------
--- Note --- for bitmap fbox'es, use the command line option `pic-fbox'
--------------------------------------
--------------------------------------
--- Note --- for bitmap framebox'es, use the command line option `pic-framebox'

--------------------------------------
--------------------------------------
--- Note --- for inline footnotes use command line option `fn-in'
--------------------------------------
--------------------------------------
--- Note --- for tracing of latex font commands, use the command line option `f
onts'
--------------------------------------
--------------------------------------
--- Note --- for width specifications of tabular p entries, use the `p-width' c
ommand line option or a configuration similar to \Configure{HColWidth}{\HCode{ 
style="width:\HColWidth"}}
--------------------------------------
)
(/opt/local/share/texmf-texlive/tex/generic/tex4ht/html4-math.4ht
version 2009-05-18-23:01
--------------------------------------
--- Note --- for pictorial eqnarray, use the command line option `pic-eqnarray'

--------------------------------------
--------------------------------------
--- Note --- for pictorial array, use the command line option `pic-array'
--------------------------------------
--------------------------------------
--- Note --- for pictorial $...$ environments, use the command line option `pic
-m' (not recommended!!)
--------------------------------------
--------------------------------------
--- Note --- for pictorial $...$ and $$...$$ environments with latex alt, use t
he command line option `pic-m+' (not safe!!)
--------------------------------------
--------------------------------------
--- Note --- for pictorial array, use the command line option `pic-array'
--------------------------------------
))
(/opt/local/share/texmf-texlive/tex/generic/tex4ht/fontmath.4ht
version 2009-05-21-09:32

(/opt/local/share/texmf-texlive/tex/generic/tex4ht/html4.4ht
version 2009-05-18-23:01
)
(/opt/local/share/texmf-texlive/tex/generic/tex4ht/html4-math.4ht
version 2009-05-18-23:01
))
(/opt/local/share/texmf-texlive/tex/generic/tex4ht/array.4ht
version 2009-05-21-09:32

(/opt/local/share/texmf-texlive/tex/generic/tex4ht/html4.4ht
version 2009-05-18-23:01
)
(/opt/local/share/texmf-texlive/tex/generic/tex4ht/html4-math.4ht
version 2009-05-18-23:01
--------------------------------------
--- Note --- for pictorial array, use the command line option `pic-array'
--------------------------------------
))
(/opt/local/share/texmf-texlive/tex/generic/tex4ht/color.4ht
version 2009-05-21-09:32

(/opt/local/share/texmf-texlive/tex/generic/tex4ht/html4.4ht
version 2009-05-18-23:01
)
(/opt/local/share/texmf-texlive/tex/generic/tex4ht/html4-math.4ht
version 2009-05-18-23:01
))
(/opt/local/share/texmf-texlive/tex/generic/tex4ht/colortbl.4ht
version 2009-05-21-09:32

(/opt/local/share/texmf-texlive/tex/generic/tex4ht/html4.4ht
version 2009-05-18-23:01
)
(/opt/local/share/texmf-texlive/tex/generic/tex4ht/html4-math.4ht
version 2009-05-18-23:01
))
(/opt/local/share/texmf-texlive/tex/generic/tex4ht/report.4ht
version 2009-05-21-09:32

(/opt/local/share/texmf-texlive/tex/generic/tex4ht/html4.4ht
version 2009-05-18-23:01
--------------------------------------
--- Note --- for automatic sectioning pagination, use the command line option `
1', `2', `3', '4', '5', '6', or '7'
--------------------------------------
--------------------------------------
--- Note --- for files named derived from section titles, use the command line 
option `sec-filename'
--------------------------------------
--------------------------------------
--- Note --- for i-columns index, use the command line option `index=i' (e.g., 
index=2)
--------------------------------------
)
(/opt/local/share/texmf-texlive/tex/generic/tex4ht/html4-math.4ht
version 2009-05-18-23:01
))
(/opt/local/share/texmf-texlive/tex/generic/tex4ht/babel.4ht
version 2009-05-21-09:32

(/opt/local/share/texmf-texlive/tex/generic/tex4ht/html4.4ht
version 2009-05-18-23:01
)
(/opt/local/share/texmf-texlive/tex/generic/tex4ht/html4-math.4ht
version 2009-05-18-23:01
))
(/opt/local/share/texmf-texlive/tex/generic/tex4ht/frenchb.4ht
version 2009-05-21-09:32

(/opt/local/share/texmf-texlive/tex/generic/tex4ht/html4.4ht
version 2009-05-18-23:01
\tmp:bx=\box65
)
(/opt/local/share/texmf-texlive/tex/generic/tex4ht/html4-math.4ht
version 2009-05-18-23:01
))
(/opt/local/share/texmf-texlive/tex/generic/tex4ht/english.4ht
version 2009-05-21-09:32

(/opt/local/share/texmf-texlive/tex/generic/tex4ht/html4.4ht
version 2009-05-18-23:01
)
(/opt/local/share/texmf-texlive/tex/generic/tex4ht/html4-math.4ht
version 2009-05-18-23:01
))
(/opt/local/share/texmf-texlive/tex/generic/tex4ht/inputenc.4ht
version 2009-05-21-09:32

(/opt/local/share/texmf-texlive/tex/generic/tex4ht/html4.4ht
version 2009-05-18-23:01
)
(/opt/local/share/texmf-texlive/tex/generic/tex4ht/html4-math.4ht
version 2009-05-18-23:01
))
(/opt/local/share/texmf-texlive/tex/generic/tex4ht/utf8.4ht
version 2009-05-21-09:32

(/opt/local/share/texmf-texlive/tex/generic/tex4ht/html4.4ht
version 2009-05-18-23:01
)
(/opt/local/share/texmf-texlive/tex/generic/tex4ht/html4-math.4ht
version 2009-05-18-23:01
))
(/opt/local/share/texmf-texlive/tex/generic/tex4ht/algorithm.4ht
version 2009-05-21-09:32

(/opt/local/share/texmf-texlive/tex/generic/tex4ht/html4.4ht
version 2009-05-18-23:01
)
(/opt/local/share/texmf-texlive/tex/generic/tex4ht/html4-math.4ht
version 2009-05-18-23:01
))
(/opt/local/share/texmf-texlive/tex/generic/tex4ht/float.4ht
version 2009-05-21-09:32

(/opt/local/share/texmf-texlive/tex/generic/tex4ht/html4.4ht
version 2009-05-18-23:01
)
(/opt/local/share/texmf-texlive/tex/generic/tex4ht/html4-math.4ht
version 2009-05-18-23:01
))
(/opt/local/share/texmf-texlive/tex/generic/tex4ht/ifthen.4ht
version 2009-05-21-09:32

(/opt/local/share/texmf-texlive/tex/generic/tex4ht/html4.4ht
version 2009-05-18-23:01
)
(/opt/local/share/texmf-texlive/tex/generic/tex4ht/html4-math.4ht
version 2009-05-18-23:01
))
(/opt/local/share/texmf-texlive/tex/generic/tex4ht/algorithmicx.4ht
version 2009-05-21-09:32

(/opt/local/share/texmf-texlive/tex/generic/tex4ht/html4.4ht
version 2009-05-18-23:01
)
(/opt/local/share/texmf-texlive/tex/generic/tex4ht/html4-math.4ht
version 2009-05-18-23:01
))
(/opt/local/share/texmf-texlive/tex/generic/tex4ht/tabularx.4ht
version 2009-05-21-09:32

(/opt/local/share/texmf-texlive/tex/generic/tex4ht/html4.4ht
version 2009-05-18-23:01
)
(/opt/local/share/texmf-texlive/tex/generic/tex4ht/html4-math.4ht
version 2009-05-18-23:01
))
(/opt/local/share/texmf-texlive/tex/generic/tex4ht/multicol.4ht
version 2009-05-21-09:32

(/opt/local/share/texmf-texlive/tex/generic/tex4ht/html4.4ht
version 2009-05-18-23:01
)
(/opt/local/share/texmf-texlive/tex/generic/tex4ht/html4-math.4ht
version 2009-05-18-23:01
))
(/opt/local/share/texmf-texlive/tex/generic/tex4ht/xcolor.4ht
version 2009-05-21-09:32

(/opt/local/share/texmf-texlive/tex/generic/tex4ht/color.4ht
version 2009-05-21-09:32
)
(/opt/local/share/texmf-texlive/tex/generic/tex4ht/html4.4ht
version 2009-05-18-23:01
)
(/opt/local/share/texmf-texlive/tex/generic/tex4ht/html4-math.4ht
version 2009-05-18-23:01
))
(/opt/local/share/texmf-texlive/tex/generic/tex4ht/dvips.4ht
version 2009-05-21-09:32

(/opt/local/share/texmf-texlive/tex/generic/tex4ht/html4.4ht
version 2009-05-18-23:01
)
(/opt/local/share/texmf-texlive/tex/generic/tex4ht/html4-math.4ht
version 2009-05-18-23:01
))
(/opt/local/share/texmf-texlive/tex/generic/tex4ht/listings.4ht
version 2009-05-21-09:32

(/opt/local/share/texmf-texlive/tex/generic/tex4ht/html4.4ht
version 2009-05-18-23:01
--------------------------------------
--- Note --- to ensure proper alignments use fixed size fonts (see listings.dtx
)
--------------------------------------
)
(/opt/local/share/texmf-texlive/tex/generic/tex4ht/html4-math.4ht
version 2009-05-18-23:01
))
(/opt/local/share/texmf-texlive/tex/generic/tex4ht/pifont.4ht
version 2009-05-21-09:32

(/opt/local/share/texmf-texlive/tex/generic/tex4ht/html4.4ht
version 2009-05-18-23:01
)
(/opt/local/share/texmf-texlive/tex/generic/tex4ht/html4-math.4ht
version 2009-05-18-23:01
))
(/opt/local/share/texmf-texlive/tex/generic/tex4ht/verbatim.4ht
version 2009-05-21-09:32

(/opt/local/share/texmf-texlive/tex/generic/tex4ht/html4.4ht
version 2009-05-18-23:01
)
(/opt/local/share/texmf-texlive/tex/generic/tex4ht/html4-math.4ht
version 2009-05-18-23:01
))
(/opt/local/share/texmf-texlive/tex/generic/tex4ht/fancyvrb.4ht
version 2009-05-21-09:32

(/opt/local/share/texmf-texlive/tex/generic/tex4ht/html4.4ht
version 2009-05-18-23:01
)
(/opt/local/share/texmf-texlive/tex/generic/tex4ht/html4-math.4ht
version 2009-05-18-23:01
))
(/opt/local/share/texmf-texlive/tex/generic/tex4ht/url.4ht
version 2009-05-21-09:32

(/opt/local/share/texmf-texlive/tex/generic/tex4ht/html4.4ht
version 2009-05-18-23:01
--------------------------------------
--- Note --- for URL encoding within href use the command line option `url-enc'

--------------------------------------
)
(/opt/local/share/texmf-texlive/tex/generic/tex4ht/html4-math.4ht
version 2009-05-18-23:01
))
(/opt/local/share/texmf-texlive/tex/generic/tex4ht/caption.4ht
version 2013-03-03-19:41

(/opt/local/share/texmf-texlive/tex/generic/tex4ht/html4.4ht
version 2009-05-18-23:01
)
(/opt/local/share/texmf-texlive/tex/generic/tex4ht/html4-math.4ht
version 2009-05-18-23:01
))
(/opt/local/share/texmf-texlive/tex/generic/tex4ht/longtable.4ht
version 2009-05-21-09:32
\LT:box=\box66
\LT:ebox=\box67

(/opt/local/share/texmf-texlive/tex/generic/tex4ht/html4.4ht
version 2009-05-18-23:01
--------------------------------------
--- Note --- for pictorial longtable, use the command line option `pic-longtabl
e'
--------------------------------------
)
(/opt/local/share/texmf-texlive/tex/generic/tex4ht/html4-math.4ht
version 2009-05-18-23:01
))
(/opt/local/share/texmf-texlive/tex/generic/tex4ht/multirow.4ht
version 2009-05-21-09:32

(/opt/local/share/texmf-texlive/tex/generic/tex4ht/html4.4ht
version 2009-05-18-23:01
)
(/opt/local/share/texmf-texlive/tex/generic/tex4ht/html4-math.4ht
version 2009-05-18-23:01
))
(/opt/local/share/texmf-texlive/tex/generic/tex4ht/dcolumn.4ht
version 2009-05-21-09:32

(/opt/local/share/texmf-texlive/tex/generic/tex4ht/html4.4ht
version 2009-05-18-23:01
)
(/opt/local/share/texmf-texlive/tex/generic/tex4ht/html4-math.4ht
version 2009-05-18-23:01
))
(/opt/local/share/texmf-texlive/tex/generic/tex4ht/graphicx.4ht
version 2009-05-21-09:32

(/opt/local/share/texmf-texlive/tex/generic/tex4ht/html4.4ht
version 2009-05-18-23:01
)
(/opt/local/share/texmf-texlive/tex/generic/tex4ht/html4-math.4ht
version 2009-05-18-23:01
))
(/opt/local/share/texmf-texlive/tex/generic/tex4ht/graphics.4ht
version 2009-05-21-09:32

(/opt/local/share/texmf-texlive/tex/generic/tex4ht/html4.4ht
version 2009-05-18-23:01
--------------------------------------
--- Note --- if included graphics are of degraded quality, try the command line
 options `graphics-num' or `graphics-'. The `num' should provide the density of
 pixels in the bitmaps (e.g., 110). 
--------------------------------------
--------------------------------------
--- Note --- for key dimensions try the option `Gin-dim'; for key dimensions wh
en bounding box is unavailable try `Gin-dim+'; neither is recommended
--------------------------------------
)
(/opt/local/share/texmf-texlive/tex/generic/tex4ht/html4-math.4ht
version 2009-05-18-23:01
))
(/opt/local/share/texmf-texlive/tex/generic/tex4ht/titlesec.4ht
version 2009-05-21-09:32

(/opt/local/share/texmf-texlive/tex/generic/tex4ht/html4.4ht
version 2009-05-18-23:01
)
(/opt/local/share/texmf-texlive/tex/generic/tex4ht/html4-math.4ht
version 2009-05-18-23:01
))
(/opt/local/share/texmf-texlive/tex/generic/tex4ht/rotating.4ht
version 2009-05-21-09:32

(/opt/local/share/texmf-texlive/tex/generic/tex4ht/html4.4ht
version 2009-05-18-23:01
)
(/opt/local/share/texmf-texlive/tex/generic/tex4ht/html4-math.4ht
version 2009-05-18-23:01
))
(/opt/local/share/texmf-texlive/tex/generic/tex4ht/hyperref.4ht
version 2011-01-30-16:01

(/opt/local/share/texmf-texlive/tex/latex/hyperref/nameref.sty
Package: nameref 2012/10/27 v2.43 Cross-referencing by name of section

(/opt/local/share/texmf-texlive/tex/generic/oberdiek/gettitlestring.sty
Package: gettitlestring 2010/12/03 v1.4 Cleanup title references (HO)
)
\c@section@level=\count186
)
(/opt/local/share/texmf-texlive/tex/generic/tex4ht/nameref.4ht
version 2012-10-14-11:06

(/opt/local/share/texmf-texlive/tex/generic/tex4ht/html4.4ht
version 2009-05-18-23:01
)
(/opt/local/share/texmf-texlive/tex/generic/tex4ht/html4-math.4ht
version 2009-05-18-23:01
))
LaTeX Info: Redefining \autoref on input line 100.
\Hy@SectionHShift=\skip80

(/opt/local/share/texmf-texlive/tex/generic/tex4ht/html4.4ht
version 2009-05-18-23:01
)
(/opt/local/share/texmf-texlive/tex/generic/tex4ht/html4-math.4ht
version 2009-05-18-23:01
))
(/opt/local/share/texmf-texlive/tex/generic/tex4ht/pd1enc.4ht
version 2009-05-21-09:32

(/opt/local/share/texmf-texlive/tex/generic/tex4ht/html4.4ht
version 2009-05-18-23:01
)
(/opt/local/share/texmf-texlive/tex/generic/tex4ht/html4-math.4ht
version 2009-05-18-23:01
))
(/opt/local/share/texmf-texlive/tex/generic/tex4ht/amssymb.4ht
version 2009-05-21-09:32

(/opt/local/share/texmf-texlive/tex/generic/tex4ht/html4.4ht
version 2009-05-18-23:01
)
(/opt/local/share/texmf-texlive/tex/generic/tex4ht/html4-math.4ht
version 2009-05-18-23:01
))
(/opt/local/share/texmf-texlive/tex/generic/tex4ht/amsfonts.4ht
version 2009-05-21-09:32

(/opt/local/share/texmf-texlive/tex/generic/tex4ht/html4.4ht
version 2009-05-18-23:01
)
(/opt/local/share/texmf-texlive/tex/generic/tex4ht/html4-math.4ht
version 2009-05-18-23:01
))
(/opt/local/share/texmf-texlive/tex/generic/tex4ht/amsmath.4ht
version 2009-05-21-09:32
\tmp:muskip=\muskip12

(/opt/local/share/texmf-texlive/tex/generic/tex4ht/html4.4ht
version 2009-05-18-23:01
)
(/opt/local/share/texmf-texlive/tex/generic/tex4ht/html4-math.4ht
version 2009-05-18-23:01
))
(/opt/local/share/texmf-texlive/tex/generic/tex4ht/amstext.4ht
version 2009-05-21-09:32

(/opt/local/share/texmf-texlive/tex/generic/tex4ht/html4.4ht
version 2009-05-18-23:01
)
(/opt/local/share/texmf-texlive/tex/generic/tex4ht/html4-math.4ht
version 2009-05-18-23:01
))
(/opt/local/share/texmf-texlive/tex/generic/tex4ht/amsbsy.4ht
version 2009-05-21-09:32

(/opt/local/share/texmf-texlive/tex/generic/tex4ht/html4.4ht
version 2009-05-18-23:01
)
(/opt/local/share/texmf-texlive/tex/generic/tex4ht/html4-math.4ht
version 2009-05-18-23:01
))
(/opt/local/share/texmf-texlive/tex/generic/tex4ht/amsopn.4ht
version 2009-05-21-09:32

(/opt/local/share/texmf-texlive/tex/generic/tex4ht/html4.4ht
version 2009-05-18-23:01
)
(/opt/local/share/texmf-texlive/tex/generic/tex4ht/html4-math.4ht
version 2009-05-18-23:01
))
(/opt/local/share/texmf-texlive/tex/generic/tex4ht/html4.4ht
version 2009-05-18-23:01
)
(/opt/local/share/texmf-texlive/tex/generic/tex4ht/html4-math.4ht
version 2009-05-18-23:01
))
(./thesis.aux

LaTeX Warning: Label `lst:x10GenType' multiply defined.

)
\openout1 = `thesis.aux'.

LaTeX Font Info:    Checking defaults for OML/cmm/m/it on input line 310.
LaTeX Font Info:    ... okay on input line 310.
LaTeX Font Info:    Checking defaults for T1/cmr/m/n on input line 310.
LaTeX Font Info:    ... okay on input line 310.
LaTeX Font Info:    Checking defaults for OT1/cmr/m/n on input line 310.
LaTeX Font Info:    ... okay on input line 310.
LaTeX Font Info:    Checking defaults for OMS/cmsy/m/n on input line 310.
LaTeX Font Info:    ... okay on input line 310.
LaTeX Font Info:    Checking defaults for OMX/cmex/m/n on input line 310.
LaTeX Font Info:    ... okay on input line 310.
LaTeX Font Info:    Checking defaults for U/cmr/m/n on input line 310.
LaTeX Font Info:    ... okay on input line 310.
LaTeX Font Info:    Checking defaults for TS1/cmr/m/n on input line 310.
LaTeX Font Info:    Try loading font information for TS1+cmr on input line 310.

 (/opt/local/share/texmf-texlive/tex/latex/base/ts1cmr.fd
File: ts1cmr.fd 1999/05/25 v2.5h Standard LaTeX font definitions
)
LaTeX Font Info:    ... okay on input line 310.
LaTeX Font Info:    Checking defaults for PD1/pdf/m/n on input line 310.
LaTeX Font Info:    ... okay on input line 310.
LaTeX Font Info:    Try loading font information for T1+ptm on input line 310.

(/opt/local/share/texmf-texlive/tex/latex/psnfss/t1ptm.fd
File: t1ptm.fd 2001/06/04 font definitions for T1/ptm.
)
LaTeX Info: Redefining \degres on input line 310.


Package frenchb.ldf Warning: The definition of \@makecaption has been changed,
(frenchb.ldf)                frenchb will NOT customise it;
(frenchb.ldf)                reported on input line 310.

LaTeX Info: Redefining \dots on input line 310.
LaTeX Info: Redefining \up on input line 310.
\c@lstlisting=\count187
Package caption Info: Begin \AtBeginDocument code.
Package caption Info: Incompatible package detected (regarding \caption).
(caption)             \caption = macro:->\:CheckOption {refcaption}\if:Option \
SkipRefstepAnchor \fi \refstepcounter \@captype \@dblarg {\@caption \@captype }
.
Package caption Info: Incompatible package detected (regarding \@caption).
(caption)             \@caption = \long macro:#1[#2]->\gdef \NR:Type {\@currenv
ir }\gdef \NR:Title {\a:newlabel {#2}}\o:NR@@caption {#1}[{#2}].

Package caption Warning: \caption will not be redefined since it's already
(caption)                redefined by a document class or package which is
(caption)                unknown to the caption package.
See the caption package documentation for explanation.

Package caption Info: hyperref package is loaded.
Package caption Info: Hyperref support is turned off
(caption)             because hyperref has stopped early.
Package caption Info: longtable package is loaded.
(/opt/local/share/texmf-texlive/tex/latex/caption/ltcaption.sty
Package: ltcaption 2013/02/03 v1.3-62 longtable captions (AR)
)
Package caption Info: rotating package is loaded.
Package caption Info: End \AtBeginDocument code.
\AtBeginShipoutBox=\box68
Package hyperref Info: Link coloring ON on input line 310.
LaTeX Info: Redefining \ref on input line 310.
LaTeX Info: Redefining \pageref on input line 310.
LaTeX Info: Redefining \nameref on input line 310.
--- file thesis.css ---
 [1

]
LaTeX Font Info:    Try loading font information for TS1+ptm on input line 322.


(/opt/local/share/texmf-texlive/tex/latex/psnfss/ts1ptm.fd
File: ts1ptm.fd 2001/06/04 font definitions for TS1/ptm.
) [1] [2] [3]
[4

]

! LaTeX Error: \theHchapter undefined.

See the LaTeX manual or LaTeX Companion for explanation.
Type  H <return>  for immediate help.
 ...                                              
                                                  
l.328 \preface
               % -- Front Matter -------------------------------------------...

? 
[1] [2

]
Abstract
LaTeX Font Info:    Try loading font information for T1+phv on input line 330.
(/opt/local/share/texmf-texlive/tex/latex/psnfss/t1phv.fd
File: t1phv.fd 2001/06/04 scalable font definitions for T1/phv.
)
LaTeX Font Info:    Font shape `T1/phv/m/n' will be
(Font)              scaled to size 19.70294pt on input line 330.
LaTeX Font Info:    Font shape `T1/phv/bx/n' in size <20.74> not available
(Font)              Font shape `T1/phv/b/n' tried instead on input line 330.
LaTeX Font Info:    Font shape `T1/phv/b/n' will be
(Font)              scaled to size 19.70294pt on input line 330.
 (./text/abstract.tex
LaTeX Font Info:    Try loading font information for T1+pcr on input line 20.
(/opt/local/share/texmf-texlive/tex/latex/psnfss/t1pcr.fd
File: t1pcr.fd 2001/06/04 font definitions for T1/pcr.
)) [3] [4]
R{\'e}sum{\'e}
(./text/abstract-fr.tex [5

]) [6]
Acknowledgements
(./text/acknowledgements.tex
LaTeX Font Info:    Font shape `T1/ptm/bx/n' in size <12> not available
(Font)              Font shape `T1/ptm/b/n' tried instead on input line 9.
LaTeX Font Info:    Font shape `T1/ptm/bx/sc' in size <12> not available
(Font)              Font shape `T1/ptm/b/sc' tried instead on input line 9.
) [7

] [8

]
Table of Contents
(./thesis.4ct [9] [10]) [11] [12

]
List of Figures
(./thesis.4ct) [13] [14

]
List of Tables
(./thesis.4ct

LaTeX Warning: Reference `lst:{}dbl_lng_tc' on page xv undefined on input line 
70.


LaTeX Warning: Reference `lst:{}dbl_lng_notc' on page xv undefined on input lin
e 70.

LaTeX Font Info:    Try loading font information for OT1+ztmcm on input line 77
.
(/opt/local/share/texmf-texlive/tex/latex/psnfss/ot1ztmcm.fd
File: ot1ztmcm.fd 2000/01/03 Fontinst v1.801 font definitions for OT1/ztmcm.
)
LaTeX Font Info:    Try loading font information for OML+ztmcm on input line 77
.

(/opt/local/share/texmf-texlive/tex/latex/psnfss/omlztmcm.fd
File: omlztmcm.fd 2000/01/03 Fontinst v1.801 font definitions for OML/ztmcm.
)
LaTeX Font Info:    Try loading font information for OMS+ztmcm on input line 77
.

(/opt/local/share/texmf-texlive/tex/latex/psnfss/omsztmcm.fd
File: omsztmcm.fd 2000/01/03 Fontinst v1.801 font definitions for OMS/ztmcm.
)
LaTeX Font Info:    Try loading font information for OMX+ztmcm on input line 77
.

(/opt/local/share/texmf-texlive/tex/latex/psnfss/omxztmcm.fd
File: omxztmcm.fd 2000/01/03 Fontinst v1.801 font definitions for OMX/ztmcm.
)
LaTeX Font Info:    Try loading font information for OT1+ptm on input line 77.

(/opt/local/share/texmf-texlive/tex/latex/psnfss/ot1ptm.fd
File: ot1ptm.fd 2001/06/04 font definitions for OT1/ptm.
)
LaTeX Font Info:    Font shape `OT1/ptm/bx/n' in size <12> not available
(Font)              Font shape `OT1/ptm/b/n' tried instead on input line 77.
LaTeX Font Info:    Font shape `OT1/ptm/bx/n' in size <9> not available
(Font)              Font shape `OT1/ptm/b/n' tried instead on input line 77.
LaTeX Font Info:    Font shape `OT1/ptm/bx/n' in size <7> not available
(Font)              Font shape `OT1/ptm/b/n' tried instead on input line 77.
l. 77 Writing thesis.idv[1] (thesis0x.png)
) [15] [16

] [17]
[1

] [2

]
Chapter 1.
! Undefined control sequence.
\a:newlabel ...utoref\string \endcsname {\NR:Type 
                                                  }#1}
l.385 ...r{Introduction} \label{chap:Introduction}
                                                  
? 
! Undefined control sequence.
\a:newlabel ...utoref\string \endcsname {\NR:Type 
                                                  }#1}
l.385 ...r{Introduction} \label{chap:Introduction}
                                                  
? 
(./text/intro.tex [3] [4] [5] [6]) [7] [8]
Chapter 2.
(./text/xten.tex
--- file thesis2.html ---
LaTeX Font Info:    Font shape `OT1/ptm/bx/n' in size <10> not available
(Font)              Font shape `OT1/ptm/b/n' tried instead on input line 14.
LaTeX Font Info:    Font shape `OT1/ptm/bx/n' in size <7.4> not available
(Font)              Font shape `OT1/ptm/b/n' tried instead on input line 14.
LaTeX Font Info:    Font shape `OT1/ptm/bx/n' in size <6> not available
(Font)              Font shape `OT1/ptm/b/n' tried instead on input line 14.
--- file thesis3.html ---
 [9


] [10

]
LaTeX Font Info:    Font shape `T1/pcr/bx/n' in size <10> not available
(Font)              Font shape `T1/pcr/b/n' tried instead on input line 80.
 [11] [12]
LaTeX Font Info:    Font shape `T1/ptm/bx/it' in size <12> not available
(Font)              Font shape `T1/ptm/b/it' tried instead on input line 184.
LaTeX Font Info:    Font shape `T1/pcr/bx/n' in size <12> not available
(Font)              Font shape `T1/pcr/b/n' tried instead on input line 184.
 [13] [14] [15] [16] [17] [18]
LaTeX Font Info:    Try loading font information for TS1+pcr on input line 385.


(/opt/local/share/texmf-texlive/tex/latex/psnfss/ts1pcr.fd
File: ts1pcr.fd 2001/06/04 font definitions for TS1/pcr.
) [19] [20] [21]
[22

]
l. 487 Writing thesis.idv[2] (thesis1x.png)
File: Figures/x10compiler.eps Graphic file (type eps)
 <Figures/x10compiler.eps> [23

] [24

] [25

]
l. 519 Writing thesis.idv[3] (thesis2x.png)

l.519 --- TeX4ht warning --- Cannot determine size of graphic in Figures/x10rt.
pdf (no BoundingBox) ---
File: Figures/x10rt.pdf Graphic file (type eps)
<Figures/x10rt.pdf> [26

]) [27

] [28

]
Chapter 3.
(./text/design.tex [29] [30

]
l. 12 Writing thesis.idv[4] (thesis3x.png)

l.12 --- TeX4ht warning --- Cannot determine size of graphic in Figures/overvie
w.pdf (no BoundingBox) ---
File: Figures/overview.pdf Graphic file (type eps)
<Figures/overview.pdf> [31

] [32

] [33] [34] [35

]
l. 124 Writing thesis.idv[5] (thesis4x.png)
File: Figures/x10.eps Graphic file (type eps)
 <Figures/x10.eps> [36

] [37

])
[38]
Chapter 4.
(./text/arrays.tex [39

]
l.52 --- TeX4ht warning --- Multiple footnote texts for mark 1 ---
l.55 --- TeX4ht warning --- Multiple footnote texts for mark 2 ---
[40] [41] [42]
--- file thesis4.html ---
 [43

] [44]) [45] [46

]
Chapter 5.
(./text/builtins.tex [47] [48] [49] [50]) [51] [52

]
Chapter 6.
(./text/codegenseq.tex [53] [54]
l.93 --- TeX4ht warning --- Multiple footnote texts for mark 1 ---
[55] [56] [57] [58]) [59] [60

]
Chapter 7.
(./text/codegencon.tex
l.12 --- TeX4ht warning --- Multiple footnote texts for mark 1 ---
[61] [62] [63] [64] [65] [66

] [67

]
l.253 --- TeX4ht warning --- Multiple footnote texts for mark 2 ---
) [68

] [69] [70

]
Chapter 8.
LaTeX Font Info:    Font shape `T1/phv/bx/it' in size <20.74> not available
(Font)              Font shape `T1/phv/b/it' tried instead on input line 420.
LaTeX Font Info:    Font shape `T1/phv/b/it' in size <20.74> not available
(Font)              Font shape `T1/phv/b/sl' tried instead on input line 420.
LaTeX Font Info:    Font shape `T1/phv/b/sl' will be
(Font)              scaled to size 19.70294pt on input line 420.
(./text/analyses.tex [71] [72] [73] [74

] (./tables/intok.tex) [75

] [76

]
[77] [78] [79] [80

]
l. 267 Writing thesis.idv[6] (thesis5x.png)
l. 268 Writing thesis.idv[7] (thesis6x.png)
l. 269 Writing thesis.idv[8] (thesis7x.png)
l. 270 Writing thesis.idv[9] (thesis8x.png)
l. 271 Writing thesis.idv[10] (thesis9x.png)
 [81

]
l. 293 Writing thesis.idv[11] (thesis10x.png)
l. 294 Writing thesis.idv[12] (thesis11x.png)
l. 295 Writing thesis.idv[13] (thesis12x.png)
l. 297 Writing thesis.idv[14] (thesis13x.png)
l. 300 Writing thesis.idv[15] (thesis14x.png)
l. 304 Writing thesis.idv[16] (thesis15x.png)
 [82]
l. 306 Writing thesis.idv[17] (thesis16x.png)
l. 311 Writing thesis.idv[18] (thesis17x.png)
l. 313 Writing thesis.idv[19] (thesis18x.png)
 [83] [84

] [85

]
l. 325 Writing thesis.idv[20] (thesis19x.png)
l. 329 Writing thesis.idv[21] (thesis20x.png)
l. 330 Writing thesis.idv[22] (thesis21x.png)
l. 332 Writing thesis.idv[23] (thesis22x.png)
 [86

]
l. 339 Writing thesis.idv[24] (thesis23x.png)
l. 341 Writing thesis.idv[25] (thesis24x.png)
l. 346 Writing thesis.idv[26] (thesis25x.png)
LaTeX Font Info:    Font shape `T1/pcr/m/it' in size <10> not available
(Font)              Font shape `T1/pcr/m/sl' tried instead on input line 346.
l. 351 Writing thesis.idv[27] (thesis26x.png)
l. 352 Writing thesis.idv[28] (thesis27x.png)
l. 353 Writing thesis.idv[29] (thesis28x.png)
 [87]
l. 359 Writing thesis.idv[30] (thesis29x.png)
l. 362 Writing thesis.idv[31] (thesis30x.png)
 [88] [89

] [90

]
l. 374 Writing thesis.idv[32] (thesis31x.png)
l. 378 Writing thesis.idv[33] (thesis32x.png)
l. 385 Writing thesis.idv[34] (thesis33x.png)
 [91

]
[92] [93

] [94

]
l. 441 Writing thesis.idv[35] (thesis34x.png)
l. 442 Writing thesis.idv[36] (thesis35x.png)
l. 443 Writing thesis.idv[37] (thesis36x.png)
l. 444 Writing thesis.idv[38] (thesis37x.png)
l. 445 Writing thesis.idv[39] (thesis38x.png)
l. 446 Writing thesis.idv[40] (thesis39x.png)
l. 447 Writing thesis.idv[41] (thesis40x.png)
l. 448 Writing thesis.idv[42] (thesis41x.png)
l. 455 Writing thesis.idv[43] (thesis42x.png)
 [95

]
l. 458 Writing thesis.idv[44] (thesis43x.png)
 [96]
l. 472 Writing thesis.idv[45] (thesis44x.png)
l. 473 Writing thesis.idv[46] (thesis45x.png)
l. 474 Writing thesis.idv[47] (thesis46x.png)
l. 475 Writing thesis.idv[48] (thesis47x.png)
l. 476 Writing thesis.idv[49] (thesis48x.png)
l. 477 Writing thesis.idv[50] (thesis49x.png)
l. 478 Writing thesis.idv[51] (thesis50x.png)
 [97] [98

] [99

]
l. 487 Writing thesis.idv[52] (thesis51x.png)
 [100

] [101]
l. 526 Writing thesis.idv[53] (thesis52x.png)
l. 528 Writing thesis.idv[54] (thesis53x.png)
 [102

] [103

]
l. 554 Writing thesis.idv[55] (thesis54x.png)
l. 555 Writing thesis.idv[56] (thesis55x.png)
 [104

] [105

])
[106] [107] [108

]
Chapter 9.
(./text/evaluation.tex
l.13 --- TeX4ht warning --- Multiple footnote texts for mark 1 ---
l.25 --- TeX4ht warning --- Multiple footnote texts for mark 2 ---
l.27 --- TeX4ht warning --- Multiple footnote texts for mark 3 ---
--- file thesis5.html ---
[109] [110

] [111

] (./tables/benchmarks.tex) [112

] [113

] [114] [115

]
l. 97 Writing thesis.idv[57] (thesis56x.png)

l.97 --- TeX4ht warning --- Cannot determine size of graphic in Figures/final/o
verall_perf.pdf (no BoundingBox) ---
File: Figures/final/overall_perf.pdf Graphic file (type eps)
<Figures/final/overall_perf.pdf> [116

] [117] [118

] [119] [120] [121

]
(./tables/cpp_vs_java.tex) [122

] [123

] [124] [125

]
(./tables/simple_vs_region.tex) [126

] [127

] [128] [129

]
(./tables/int_vs_double.tex) [130

] [131

] [132] [133

]
(./tables/parfor_vs_x10.tex) [134

] [135

]) [136] [137] [138

]
Chapter 10.
(./text/related.tex [139] [140]
l.70 --- TeX4ht warning --- Multiple footnote texts for mark 1 ---
[141]) [142]
Chapter 11.
(./text/conclusions.tex [143

] [144] [145]) (./thesis.bbl [146]
Bibliography
[147

] [148]
l. 121 Writing thesis.idv[58] (thesis57x.png)
l. 121 Writing thesis.idv[59] (thesis58x.png)
 [149] [150] [151]) [152]
Appendix A.
(./text/builtinxml.tex) [153

] [154

]
Appendix B.
(./text/irgrammar.tex
Overfull \hbox (19474.38pt too wide) in paragraph at lines 4--114
[][][][][][][][][][][][][][][][][]\T1/pcr/m/n/10 x[][][][][][][][][]x[][][][][]
[][][][][][][][][][][][][][][][][][][][][][][]x[][][][][][][][][][][][]x[][][][
][][][][][][][][][][][][][][][][]x[][][][][][][][][][][]x[][][][][][][][][][][]
x[][][][][][][][][][][][][][][][][][][][][][][][][][][][][][]x[][][][][][][][][
][][][][][][][][][][]x[][][][][][][][][][][][][][][][][][][][]x[][][][][][][][]
[][][][][][][][][][][][]x[][][][][][][][][][][]x[][][][][][][][][][][][][][][][
][][][][][][][]x[][][][][][][][][][][][][][][][][][][][][][][][][][][][][][]x[]
[][][][][][][][][][][][][][][][][]x[][][][][][][][][][][][][][][][][][][][][][]
[]x[][][][][][][][][][][][][][][]x[][][][][][][][][][][][][][][][][][][]x[][][]
[][][][][][][][][][][][][][][][][]x[][][][][][][][][][][]x[][][][][][][][][][][
][][][][][][][][][][][][][][][][][][][]x[][][][][][][][][][][][][][][][][][][][
][][][]x[][][][][][][][][][][][][][][][][]x[][][][][][][][][][][][][][][][][][]
[][]x[][][][][][][][][][][][][][][][]x[][][][][][][][][][][][][][][][][][][][][
][][][][][][][][][]x[][][][][][][][][][][][][][][][][][][][][][][][][][][][][]x
[][][][][][][][][][][][][][][][][][][][][][]x[][][][][][][][][][][][][][][][][]
[][][][][]x[][][][][][][][][][][][][][][][][][][][][][]x[][][][][][][][][][][]x
[][][][][][][][][][][]x[][][][][][][][][][][]x[][][][][][][][][][][]x[][][][][]
[][][][][][]x[][][][][][][][][][][]x[][][][][][][][][][][][][][][][][][][][][][
][][][]x[][][][][][][][][][][][][][][]x[][][][][][][][][][][][][][][][][][][][]
[][][][][][][]x[][][][][][][][][][][][][][][][][][][][][][]x[][][][][][][][][][
][][][][][][][][][][][][][][]x[][][][][][][][][][][][][][][][]x[][][][][][][][]
[][][][][][][][][][][][][][][][][][][][][][]x[][][][][][][][][][][][][][][][][]
[][][][][][][][][][][][][]x[][][][][][][][][][][][][][][]x[][][][][][][][][][][
][][][][][][][][][][][][][][][][][][][][]x[][][][][][][][][][][][][][]x[][][][]
[][][][][][][][][][][][][][][][]x[][][][][][][][][][][]x[][][][][][][][][][][]x
[][][][][][][][][][][]x[][][][][][][][][][][]x[][][][][][][][][][][]x[][][][][]
[][][][][][]x[][][][][][][][][][][]x[][][][][][][][][][][][][][][][][][][][][][
][][][][][]x[][][][][][][][][][][][][][]x[][][][][][][][][][][][][][]x[][][][][
][][][][][][]x[][][][][][][][][][][]x[][][][][][][][][][][]x[][][][][][][][][][
][][][][]x[][][][][][][][][][][]x[][][][][][][][][][][]x[][][][][][][][][][][]x
[][][][][][][][][][][]x[][][][][][][][][][][][][][]x[][][][][][][][][][][][][][
][][][]x[][][][][][][][][][][][][][][][][]x[][][][][][][][][][][][][][][][][]x[
][][][][][][][][][][][][][][][][]x[][][][][][][][][][][][][][][][][][]x[][][][]
[][][][][][][][][][][][][]x[][][][][][][][][][][][][][][][][]x[][][][][][][][][
][][][][][]x[][][][][][][][][][][]x[][][][][][][][][][][]x[][][][][][][][][][][
][][][][]x[][][][][][][][][][][][][][][][][][]x[][][][][][][][][][][][][][][][]
[][][][]x[][][][][][][][][][][][][][][][][][][][][][][][][][][][]x[][][][][][][
][][][][][][][][][][][][][][][][][][][][]x[][][][][][][][][][][][][][][]x[][][]
[][][][][][][][][][][][][][][][][][][]x[][][][][][][][][][][][][][][][][]x[][][
][][][][][][][][]x[][][][][][][][][][][][][][][][][][][][][][]x[][][][][][][][]
[][][][][][][][][][][][][][]x[][][][][][][][][][][]x[][][][][][][][][][][]x[][]
[][][][][][][][][][]x[][][][][][][][][][][][][][][][][][][][][][]x[][][][][][][
][][][][]x[][][][][][][][][][][][][][][][][]x[][][][][][][][][][][]x[][][][][][
][][][][][][][][][][][]x[][][][][][][][][][][]x[][][][][][][][][][][][][][][][]
[]x[][][][][][][][][][][]x[][][][][][][][][][][][][][][][][][][][][][]x[][][][]
[][][][][][][]x[][][][][][][][][][][][][][]x[][][][][][][][][][][][][][]x[][][]
[][][][][][][][][][][][][][][]x[][][][][][][][][][][][][][][]x[][][][][][][][][
][][][][][][][][][][][]x[][][][][][][][][][][][][][][][][][]x[][][][][][][][][]
[][][][][][]  
 []

)
Package atveryend Info: Empty hook `BeforeClearDocument' on input line 475.
 [155]
Package atveryend Info: Empty hook `AfterLastShipout' on input line 475.
 (./thesis.aux)
Package atveryend Info: Empty hook `AtVeryEndDocument' on input line 475.
Package atveryend Info: Empty hook `AtEndAfterFileList' on input line 475.


LaTeX Warning: There were undefined references.


LaTeX Warning: There were multiply-defined labels.

Package atveryend Info: Empty hook `AtVeryVeryEnd' on input line 475.
 )
(\end occurred inside a group at level 1)

### simple group (level 1) entered at line 599 ({)
### bottom level 
Here is how much of TeX's memory you used:
 19351 strings out of 493316
 271566 string characters out of 6139696
 994903 words of memory out of 5000000
 22158 multiletter control sequences out of 15000+600000
 70498 words of font info for 92 fonts, out of 8000000 for 9000
 958 hyphenation exceptions out of 8191
 38i,13n,50p,11833b,1964s stack positions out of 5000i,500n,10000p,200000b,80000s

Output written on thesis.dvi (177 pages, 843524 bytes).
